=======================================================================
	BLPTextureLoader::ReconcileLoadedPackages()
	2024-02-08 19:54:29

=======================================================================
	BLPTextureLoader::ReconcileLoadedPackages()
	2024-02-08 19:54:37

Texture Overwritten: Mbande45
	Old BLP: D:/Program Files (x86)/Steam/steamapps/common/Sid Meier's Civilization VI/Base/Platforms/Windows/BLPs/UI/Icons.blp
	New BLP: ../../../DLC/GreatNegotiators/Platforms/Windows/BLPs/UI/Icons.blp
Texture Overwritten: MiniMap_CompassBase
	Old BLP: D:/Program Files (x86)/Steam/steamapps/common/Sid Meier's Civilization VI/Base/Platforms/Windows/BLPs/UI/UI_HUD.blp
	New BLP: ../../../DLC/CivRoyaleScenario/Platforms/Windows/BLPs/UI/UI_HUD.blp
Texture Overwritten: SaladinAlt32
	Old BLP: D:/Program Files (x86)/Steam/steamapps/common/Sid Meier's Civilization VI/Base/Platforms/Windows/BLPs/UI/Icons.blp
	New BLP: ../../../DLC/GreatNegotiators/Platforms/Windows/BLPs/UI/Icons.blp
Texture Overwritten: Lincoln32
	Old BLP: D:/Program Files (x86)/Steam/steamapps/common/Sid Meier's Civilization VI/Base/Platforms/Windows/BLPs/UI/Icons.blp
	New BLP: ../../../DLC/GreatNegotiators/Platforms/Windows/BLPs/UI/Icons.blp
Texture Overwritten: LaunchBar_Hook_ButtonMinimap
	Old BLP: D:/Program Files (x86)/Steam/steamapps/common/Sid Meier's Civilization VI/Base/Platforms/Windows/BLPs/UI/UI_HUD.blp
	New BLP: ../../../DLC/CivRoyaleScenario/Platforms/Windows/BLPs/UI/UI_HUD.blp
Texture Overwritten: CivPoland36
	Old BLP: D:/Program Files (x86)/Steam/steamapps/common/Sid Meier's Civilization VI/Base/Platforms/Windows/BLPs/UI/Icons.blp
	New BLP: ../../../DLC/Poland_Jadwiga/Platforms/Windows/BLPs/UI/Icons.blp
Texture Overwritten: SaladinAlt64
	Old BLP: D:/Program Files (x86)/Steam/steamapps/common/Sid Meier's Civilization VI/Base/Platforms/Windows/BLPs/UI/Icons.blp
	New BLP: ../../../DLC/GreatNegotiators/Platforms/Windows/BLPs/UI/Icons.blp
Texture Overwritten: Mbande80
	Old BLP: D:/Program Files (x86)/Steam/steamapps/common/Sid Meier's Civilization VI/Base/Platforms/Windows/BLPs/UI/Icons.blp
	New BLP: ../../../DLC/GreatNegotiators/Platforms/Windows/BLPs/UI/Icons.blp
Texture Overwritten: CivPoland50
	Old BLP: D:/Program Files (x86)/Steam/steamapps/common/Sid Meier's Civilization VI/Base/Platforms/Windows/BLPs/UI/Icons.blp
	New BLP: ../../../DLC/Poland_Jadwiga/Platforms/Windows/BLPs/UI/Icons.blp
Texture Overwritten: Governments_MilitaryCard
	Old BLP: D:/Program Files (x86)/Steam/steamapps/common/Sid Meier's Civilization VI/Base/Platforms/Windows/BLPs/UI/UI_Government.blp
	New BLP: ../../../DLC/Indonesia_KhmerScenario/Platforms/Windows/BLPs/UI/Icons.blp
Texture Overwritten: Parchment_BorderDeco
	Old BLP: D:/Program Files (x86)/Steam/steamapps/common/Sid Meier's Civilization VI/Base/Platforms/Windows/BLPs/UI/UI_Controls.blp
	New BLP: ../../../DLC/NubiaScenario/Platforms/Windows/BLPs/UI/UI_TreeBG.blp
Texture Overwritten: Governments_MilitaryCard_Small
	Old BLP: D:/Program Files (x86)/Steam/steamapps/common/Sid Meier's Civilization VI/Base/Platforms/Windows/BLPs/UI/UI_Government.blp
	New BLP: ../../../DLC/Indonesia_KhmerScenario/Platforms/Windows/BLPs/UI/Icons.blp
Texture Overwritten: Mbande32
	Old BLP: D:/Program Files (x86)/Steam/steamapps/common/Sid Meier's Civilization VI/Base/Platforms/Windows/BLPs/UI/Icons.blp
	New BLP: ../../../DLC/GreatNegotiators/Platforms/Windows/BLPs/UI/Icons.blp
Texture Overwritten: Mbande48
	Old BLP: D:/Program Files (x86)/Steam/steamapps/common/Sid Meier's Civilization VI/Base/Platforms/Windows/BLPs/UI/Icons.blp
	New BLP: ../../../DLC/GreatNegotiators/Platforms/Windows/BLPs/UI/Icons.blp
Texture Overwritten: Governments_WatermarkMilitary
	Old BLP: D:/Program Files (x86)/Steam/steamapps/common/Sid Meier's Civilization VI/Base/Platforms/Windows/BLPs/UI/UI_Government.blp
	New BLP: ../../../DLC/Indonesia_KhmerScenario/Platforms/Windows/BLPs/UI/Icons.blp
Texture Overwritten: CivPoland30
	Old BLP: D:/Program Files (x86)/Steam/steamapps/common/Sid Meier's Civilization VI/Base/Platforms/Windows/BLPs/UI/Icons.blp
	New BLP: ../../../DLC/Poland_Jadwiga/Platforms/Windows/BLPs/UI/Icons.blp
Texture Overwritten: CivPoland32
	Old BLP: D:/Program Files (x86)/Steam/steamapps/common/Sid Meier's Civilization VI/Base/Platforms/Windows/BLPs/UI/Icons.blp
	New BLP: ../../../DLC/Poland_Jadwiga/Platforms/Windows/BLPs/UI/Icons.blp
Texture Overwritten: UnlockFrames
	Old BLP: D:/Program Files (x86)/Steam/steamapps/common/Sid Meier's Civilization VI/Base/Platforms/Windows/BLPs/UI/Icons.blp
	New BLP: ../../../DLC/Indonesia_KhmerScenario/Platforms/Windows/BLPs/UI/Icons.blp
Texture Overwritten: Governments_Military
	Old BLP: D:/Program Files (x86)/Steam/steamapps/common/Sid Meier's Civilization VI/Base/Platforms/Windows/BLPs/UI/UI_Government.blp
	New BLP: ../../../DLC/Indonesia_KhmerScenario/Platforms/Windows/BLPs/UI/Icons.blp
Texture Overwritten: Lincoln80
	Old BLP: D:/Program Files (x86)/Steam/steamapps/common/Sid Meier's Civilization VI/Base/Platforms/Windows/BLPs/UI/Icons.blp
	New BLP: ../../../DLC/GreatNegotiators/Platforms/Windows/BLPs/UI/Icons.blp
Texture Overwritten: Lincoln48
	Old BLP: D:/Program Files (x86)/Steam/steamapps/common/Sid Meier's Civilization VI/Base/Platforms/Windows/BLPs/UI/Icons.blp
	New BLP: ../../../DLC/GreatNegotiators/Platforms/Windows/BLPs/UI/Icons.blp
Texture Overwritten: Governments_MilitaryCard_Empty
	Old BLP: D:/Program Files (x86)/Steam/steamapps/common/Sid Meier's Civilization VI/Base/Platforms/Windows/BLPs/UI/UI_Government.blp
	New BLP: ../../../DLC/Indonesia_KhmerScenario/Platforms/Windows/BLPs/UI/Icons.blp
Texture Overwritten: Mbande50
	Old BLP: D:/Program Files (x86)/Steam/steamapps/common/Sid Meier's Civilization VI/Base/Platforms/Windows/BLPs/UI/Icons.blp
	New BLP: ../../../DLC/GreatNegotiators/Platforms/Windows/BLPs/UI/Icons.blp
Texture Overwritten: SaladinAlt80
	Old BLP: D:/Program Files (x86)/Steam/steamapps/common/Sid Meier's Civilization VI/Base/Platforms/Windows/BLPs/UI/Icons.blp
	New BLP: ../../../DLC/GreatNegotiators/Platforms/Windows/BLPs/UI/Icons.blp
Texture Overwritten: Controls_ButtonExtend
	Old BLP: D:/Program Files (x86)/Steam/steamapps/common/Sid Meier's Civilization VI/Base/Platforms/Windows/BLPs/UI/UI_Controls.blp
	New BLP: ../../../DLC/CivRoyaleScenario/Platforms/Windows/BLPs/UI/UI_Controls.blp
Texture Overwritten: SaladinAlt256
	Old BLP: D:/Program Files (x86)/Steam/steamapps/common/Sid Meier's Civilization VI/Base/Platforms/Windows/BLPs/UI/Icons.blp
	New BLP: ../../../DLC/GreatNegotiators/Platforms/Windows/BLPs/UI/Icons.blp
Texture Overwritten: Policies256
	Old BLP: D:/Program Files (x86)/Steam/steamapps/common/Sid Meier's Civilization VI/Base/Platforms/Windows/BLPs/UI/Icons.blp
	New BLP: ../../../DLC/Indonesia_KhmerScenario/Platforms/Windows/BLPs/UI/Icons.blp
Texture Overwritten: CivPoland45
	Old BLP: D:/Program Files (x86)/Steam/steamapps/common/Sid Meier's Civilization VI/Base/Platforms/Windows/BLPs/UI/Icons.blp
	New BLP: ../../../DLC/Poland_Jadwiga/Platforms/Windows/BLPs/UI/Icons.blp
Texture Overwritten: Policies32
	Old BLP: D:/Program Files (x86)/Steam/steamapps/common/Sid Meier's Civilization VI/Base/Platforms/Windows/BLPs/UI/Icons.blp
	New BLP: ../../../DLC/Indonesia_KhmerScenario/Platforms/Windows/BLPs/UI/Icons.blp
Texture Overwritten: SaladinAlt50
	Old BLP: D:/Program Files (x86)/Steam/steamapps/common/Sid Meier's Civilization VI/Base/Platforms/Windows/BLPs/UI/Icons.blp
	New BLP: ../../../DLC/GreatNegotiators/Platforms/Windows/BLPs/UI/Icons.blp
Texture Overwritten: CivPoland256
	Old BLP: D:/Program Files (x86)/Steam/steamapps/common/Sid Meier's Civilization VI/Base/Platforms/Windows/BLPs/UI/Icons.blp
	New BLP: ../../../DLC/Poland_Jadwiga/Platforms/Windows/BLPs/UI/Icons.blp
Texture Overwritten: Lincoln50
	Old BLP: D:/Program Files (x86)/Steam/steamapps/common/Sid Meier's Civilization VI/Base/Platforms/Windows/BLPs/UI/Icons.blp
	New BLP: ../../../DLC/GreatNegotiators/Platforms/Windows/BLPs/UI/Icons.blp
Texture Overwritten: Lincoln64
	Old BLP: D:/Program Files (x86)/Steam/steamapps/common/Sid Meier's Civilization VI/Base/Platforms/Windows/BLPs/UI/Icons.blp
	New BLP: ../../../DLC/GreatNegotiators/Platforms/Windows/BLPs/UI/Icons.blp
Texture Overwritten: ActionPanel_Gold2
	Old BLP: D:/Program Files (x86)/Steam/steamapps/common/Sid Meier's Civilization VI/Base/Platforms/Windows/BLPs/UI/UI_HUD.blp
	New BLP: ../../../DLC/CivRoyaleScenario/Platforms/Windows/BLPs/UI/UI_HUD.blp
Texture Overwritten: Lincoln256
	Old BLP: D:/Program Files (x86)/Steam/steamapps/common/Sid Meier's Civilization VI/Base/Platforms/Windows/BLPs/UI/Icons.blp
	New BLP: ../../../DLC/GreatNegotiators/Platforms/Windows/BLPs/UI/Icons.blp
Texture Overwritten: CivPoland22
	Old BLP: D:/Program Files (x86)/Steam/steamapps/common/Sid Meier's Civilization VI/Base/Platforms/Windows/BLPs/UI/Icons.blp
	New BLP: ../../../DLC/Poland_Jadwiga/Platforms/Windows/BLPs/UI/Icons.blp
Texture Overwritten: CivPoland64
	Old BLP: D:/Program Files (x86)/Steam/steamapps/common/Sid Meier's Civilization VI/Base/Platforms/Windows/BLPs/UI/Icons.blp
	New BLP: ../../../DLC/Poland_Jadwiga/Platforms/Windows/BLPs/UI/Icons.blp
Texture Overwritten: CivPoland128
	Old BLP: D:/Program Files (x86)/Steam/steamapps/common/Sid Meier's Civilization VI/Base/Platforms/Windows/BLPs/UI/Icons.blp
	New BLP: ../../../DLC/Poland_Jadwiga/Platforms/Windows/BLPs/UI/Icons.blp
Texture Overwritten: MiniMap_WoodBackingTile
	Old BLP: D:/Program Files (x86)/Steam/steamapps/common/Sid Meier's Civilization VI/Base/Platforms/Windows/BLPs/UI/UI_HUD.blp
	New BLP: ../../../DLC/CivRoyaleScenario/Platforms/Windows/BLPs/UI/UI_HUD.blp
Texture Overwritten: Mbande55
	Old BLP: D:/Program Files (x86)/Steam/steamapps/common/Sid Meier's Civilization VI/Base/Platforms/Windows/BLPs/UI/Icons.blp
	New BLP: ../../../DLC/GreatNegotiators/Platforms/Windows/BLPs/UI/Icons.blp
Texture Overwritten: CivPoland80
	Old BLP: D:/Program Files (x86)/Steam/steamapps/common/Sid Meier's Civilization VI/Base/Platforms/Windows/BLPs/UI/Icons.blp
	New BLP: ../../../DLC/Poland_Jadwiga/Platforms/Windows/BLPs/UI/Icons.blp
Texture Overwritten: CivPoland48
	Old BLP: D:/Program Files (x86)/Steam/steamapps/common/Sid Meier's Civilization VI/Base/Platforms/Windows/BLPs/UI/Icons.blp
	New BLP: ../../../DLC/Poland_Jadwiga/Platforms/Windows/BLPs/UI/Icons.blp
Texture Overwritten: Policies50
	Old BLP: D:/Program Files (x86)/Steam/steamapps/common/Sid Meier's Civilization VI/Base/Platforms/Windows/BLPs/UI/Icons.blp
	New BLP: ../../../DLC/Indonesia_KhmerScenario/Platforms/Windows/BLPs/UI/Icons.blp
Texture Overwritten: MiniMap_CompassSide
	Old BLP: D:/Program Files (x86)/Steam/steamapps/common/Sid Meier's Civilization VI/Base/Platforms/Windows/BLPs/UI/UI_HUD.blp
	New BLP: ../../../DLC/CivRoyaleScenario/Platforms/Windows/BLPs/UI/UI_HUD.blp
Texture Overwritten: Policies38
	Old BLP: D:/Program Files (x86)/Steam/steamapps/common/Sid Meier's Civilization VI/Base/Platforms/Windows/BLPs/UI/Icons.blp
	New BLP: ../../../DLC/Indonesia_KhmerScenario/Platforms/Windows/BLPs/UI/Icons.blp
Texture Overwritten: Controls_Collapse
	Old BLP: D:/Program Files (x86)/Steam/steamapps/common/Sid Meier's Civilization VI/Base/Platforms/Windows/BLPs/UI/UI_Controls.blp
	New BLP: ../../../DLC/CivRoyaleScenario/Platforms/Windows/BLPs/UI/UI_Controls.blp
Texture Overwritten: SaladinAlt48
	Old BLP: D:/Program Files (x86)/Steam/steamapps/common/Sid Meier's Civilization VI/Base/Platforms/Windows/BLPs/UI/Icons.blp
	New BLP: ../../../DLC/GreatNegotiators/Platforms/Windows/BLPs/UI/Icons.blp
Texture Overwritten: SaladinAlt55
	Old BLP: D:/Program Files (x86)/Steam/steamapps/common/Sid Meier's Civilization VI/Base/Platforms/Windows/BLPs/UI/Icons.blp
	New BLP: ../../../DLC/GreatNegotiators/Platforms/Windows/BLPs/UI/Icons.blp
Texture Overwritten: Lincoln55
	Old BLP: D:/Program Files (x86)/Steam/steamapps/common/Sid Meier's Civilization VI/Base/Platforms/Windows/BLPs/UI/Icons.blp
	New BLP: ../../../DLC/GreatNegotiators/Platforms/Windows/BLPs/UI/Icons.blp
Texture Overwritten: CivPoland44
	Old BLP: D:/Program Files (x86)/Steam/steamapps/common/Sid Meier's Civilization VI/Base/Platforms/Windows/BLPs/UI/Icons.blp
	New BLP: ../../../DLC/Poland_Jadwiga/Platforms/Windows/BLPs/UI/Icons.blp
Texture Overwritten: Mbande64
	Old BLP: D:/Program Files (x86)/Steam/steamapps/common/Sid Meier's Civilization VI/Base/Platforms/Windows/BLPs/UI/Icons.blp
	New BLP: ../../../DLC/GreatNegotiators/Platforms/Windows/BLPs/UI/Icons.blp
Texture Overwritten: SaladinAlt45
	Old BLP: D:/Program Files (x86)/Steam/steamapps/common/Sid Meier's Civilization VI/Base/Platforms/Windows/BLPs/UI/Icons.blp
	New BLP: ../../../DLC/GreatNegotiators/Platforms/Windows/BLPs/UI/Icons.blp
Texture Overwritten: Lincoln45
	Old BLP: D:/Program Files (x86)/Steam/steamapps/common/Sid Meier's Civilization VI/Base/Platforms/Windows/BLPs/UI/Icons.blp
	New BLP: ../../../DLC/GreatNegotiators/Platforms/Windows/BLPs/UI/Icons.blp
Texture Overwritten: MiniMap_Frame
	Old BLP: D:/Program Files (x86)/Steam/steamapps/common/Sid Meier's Civilization VI/Base/Platforms/Windows/BLPs/UI/UI_HUD.blp
	New BLP: ../../../DLC/CivRoyaleScenario/Platforms/Windows/BLPs/UI/UI_HUD.blp
Texture Overwritten: ActionPanel_Gold1
	Old BLP: D:/Program Files (x86)/Steam/steamapps/common/Sid Meier's Civilization VI/Base/Platforms/Windows/BLPs/UI/UI_HUD.blp
	New BLP: ../../../DLC/CivRoyaleScenario/Platforms/Windows/BLPs/UI/UI_HUD.blp
Texture Overwritten: Mbande256
	Old BLP: D:/Program Files (x86)/Steam/steamapps/common/Sid Meier's Civilization VI/Base/Platforms/Windows/BLPs/UI/Icons.blp
	New BLP: ../../../DLC/GreatNegotiators/Platforms/Windows/BLPs/UI/Icons.blp
Texture Overwritten: MiniMap_WoodBacking
	Old BLP: D:/Program Files (x86)/Steam/steamapps/common/Sid Meier's Civilization VI/Base/Platforms/Windows/BLPs/UI/UI_HUD.blp
	New BLP: ../../../DLC/CivRoyaleScenario/Platforms/Windows/BLPs/UI/UI_HUD.blp
=======================================================================
	BLPTextureLoader::ReconcileLoadedPackages()
	2024-02-08 19:56:00

Texture Overwritten: MiniMap_CompassBase
	Old BLP: ../../../DLC/CivRoyaleScenario/Platforms/Windows/BLPs/UI/UI_HUD.blp
	New BLP: D:/Program Files (x86)/Steam/steamapps/common/Sid Meier's Civilization VI/Base/Platforms/Windows/BLPs/UI/UI_HUD.blp
Texture Overwritten: LaunchBar_Hook_ButtonMinimap
	Old BLP: ../../../DLC/CivRoyaleScenario/Platforms/Windows/BLPs/UI/UI_HUD.blp
	New BLP: D:/Program Files (x86)/Steam/steamapps/common/Sid Meier's Civilization VI/Base/Platforms/Windows/BLPs/UI/UI_HUD.blp
Texture Overwritten: OUTBACK
	Old BLP: ../../../DLC/AustraliaScenario/Platforms/Windows/BLPs/UI_LeaderScenes.blp
	New BLP: ../../../DLC/Australia/Platforms/Windows/BLPs/UI_LeaderScenes.blp
Texture Overwritten: Governments_MilitaryCard
	Old BLP: ../../../DLC/Indonesia_KhmerScenario/Platforms/Windows/BLPs/UI/Icons.blp
	New BLP: D:/Program Files (x86)/Steam/steamapps/common/Sid Meier's Civilization VI/Base/Platforms/Windows/BLPs/UI/UI_Government.blp
Texture Overwritten: Parchment_BorderDeco
	Old BLP: ../../../DLC/NubiaScenario/Platforms/Windows/BLPs/UI/UI_TreeBG.blp
	New BLP: D:/Program Files (x86)/Steam/steamapps/common/Sid Meier's Civilization VI/Base/Platforms/Windows/BLPs/UI/UI_Controls.blp
Texture Overwritten: Governments_MilitaryCard_Small
	Old BLP: ../../../DLC/Indonesia_KhmerScenario/Platforms/Windows/BLPs/UI/Icons.blp
	New BLP: D:/Program Files (x86)/Steam/steamapps/common/Sid Meier's Civilization VI/Base/Platforms/Windows/BLPs/UI/UI_Government.blp
Texture Overwritten: Governments_WatermarkMilitary
	Old BLP: ../../../DLC/Indonesia_KhmerScenario/Platforms/Windows/BLPs/UI/Icons.blp
	New BLP: D:/Program Files (x86)/Steam/steamapps/common/Sid Meier's Civilization VI/Base/Platforms/Windows/BLPs/UI/UI_Government.blp
Texture Overwritten: UnlockFrames
	Old BLP: ../../../DLC/Indonesia_KhmerScenario/Platforms/Windows/BLPs/UI/Icons.blp
	New BLP: D:/Program Files (x86)/Steam/steamapps/common/Sid Meier's Civilization VI/Base/Platforms/Windows/BLPs/UI/Icons.blp
Texture Overwritten: Governments_Military
	Old BLP: ../../../DLC/Indonesia_KhmerScenario/Platforms/Windows/BLPs/UI/Icons.blp
	New BLP: D:/Program Files (x86)/Steam/steamapps/common/Sid Meier's Civilization VI/Base/Platforms/Windows/BLPs/UI/UI_Government.blp
Texture Overwritten: Governments_MilitaryCard_Empty
	Old BLP: ../../../DLC/Indonesia_KhmerScenario/Platforms/Windows/BLPs/UI/Icons.blp
	New BLP: D:/Program Files (x86)/Steam/steamapps/common/Sid Meier's Civilization VI/Base/Platforms/Windows/BLPs/UI/UI_Government.blp
Texture Overwritten: Controls_ButtonExtend
	Old BLP: ../../../DLC/CivRoyaleScenario/Platforms/Windows/BLPs/UI/UI_Controls.blp
	New BLP: D:/Program Files (x86)/Steam/steamapps/common/Sid Meier's Civilization VI/Base/Platforms/Windows/BLPs/UI/UI_Controls.blp
Texture Overwritten: Policies256
	Old BLP: ../../../DLC/Indonesia_KhmerScenario/Platforms/Windows/BLPs/UI/Icons.blp
	New BLP: D:/Program Files (x86)/Steam/steamapps/common/Sid Meier's Civilization VI/Base/Platforms/Windows/BLPs/UI/Icons.blp
Texture Overwritten: Policies32
	Old BLP: ../../../DLC/Indonesia_KhmerScenario/Platforms/Windows/BLPs/UI/Icons.blp
	New BLP: D:/Program Files (x86)/Steam/steamapps/common/Sid Meier's Civilization VI/Base/Platforms/Windows/BLPs/UI/Icons.blp
Texture Overwritten: ActionPanel_Gold2
	Old BLP: ../../../DLC/CivRoyaleScenario/Platforms/Windows/BLPs/UI/UI_HUD.blp
	New BLP: D:/Program Files (x86)/Steam/steamapps/common/Sid Meier's Civilization VI/Base/Platforms/Windows/BLPs/UI/UI_HUD.blp
Texture Overwritten: MiniMap_WoodBackingTile
	Old BLP: ../../../DLC/CivRoyaleScenario/Platforms/Windows/BLPs/UI/UI_HUD.blp
	New BLP: D:/Program Files (x86)/Steam/steamapps/common/Sid Meier's Civilization VI/Base/Platforms/Windows/BLPs/UI/UI_HUD.blp
Texture Overwritten: Policies50
	Old BLP: ../../../DLC/Indonesia_KhmerScenario/Platforms/Windows/BLPs/UI/Icons.blp
	New BLP: D:/Program Files (x86)/Steam/steamapps/common/Sid Meier's Civilization VI/Base/Platforms/Windows/BLPs/UI/Icons.blp
Texture Overwritten: MiniMap_CompassSide
	Old BLP: ../../../DLC/CivRoyaleScenario/Platforms/Windows/BLPs/UI/UI_HUD.blp
	New BLP: D:/Program Files (x86)/Steam/steamapps/common/Sid Meier's Civilization VI/Base/Platforms/Windows/BLPs/UI/UI_HUD.blp
Texture Overwritten: Policies38
	Old BLP: ../../../DLC/Indonesia_KhmerScenario/Platforms/Windows/BLPs/UI/Icons.blp
	New BLP: D:/Program Files (x86)/Steam/steamapps/common/Sid Meier's Civilization VI/Base/Platforms/Windows/BLPs/UI/Icons.blp
Texture Overwritten: Controls_Collapse
	Old BLP: ../../../DLC/CivRoyaleScenario/Platforms/Windows/BLPs/UI/UI_Controls.blp
	New BLP: D:/Program Files (x86)/Steam/steamapps/common/Sid Meier's Civilization VI/Base/Platforms/Windows/BLPs/UI/UI_Controls.blp
Texture Overwritten: MiniMap_Frame
	Old BLP: ../../../DLC/CivRoyaleScenario/Platforms/Windows/BLPs/UI/UI_HUD.blp
	New BLP: D:/Program Files (x86)/Steam/steamapps/common/Sid Meier's Civilization VI/Base/Platforms/Windows/BLPs/UI/UI_HUD.blp
Texture Overwritten: ActionPanel_Gold1
	Old BLP: ../../../DLC/CivRoyaleScenario/Platforms/Windows/BLPs/UI/UI_HUD.blp
	New BLP: D:/Program Files (x86)/Steam/steamapps/common/Sid Meier's Civilization VI/Base/Platforms/Windows/BLPs/UI/UI_HUD.blp
Texture Overwritten: MiniMap_WoodBacking
	Old BLP: ../../../DLC/CivRoyaleScenario/Platforms/Windows/BLPs/UI/UI_HUD.blp
	New BLP: D:/Program Files (x86)/Steam/steamapps/common/Sid Meier's Civilization VI/Base/Platforms/Windows/BLPs/UI/UI_HUD.blp
Texture Unloaded: AustraliaScenario_Leaders32
	BLP: .
Texture Unloaded: CivRoyaleScenario_CivSymbols44
	BLP: .
Texture Unloaded: Religion_Mahayana_Buddhism
	BLP: .
Texture Unloaded: BlackDeathScenario_Leaders48
	BLP: .
Texture Unloaded: UnitPanel_LinkIcon
	BLP: .
Texture Unloaded: LEADER_KHMER_NEUTRAL
	BLP: .
Texture Unloaded: RedDeath_Zombies80
	BLP: .
Texture Unloaded: LEADER_WARMACHINE_SCENARIO_GERMANY_NEUTRAL
	BLP: .
Texture Unloaded: NubiaScenario_CivSymbols64
	BLP: .
Texture Unloaded: AustraliaScenario_Projects80
	BLP: .
Texture Unloaded: NubiaScenario_Tech128_FOW
	BLP: .
Texture Unloaded: LEADER_BASIL_II_NEUTRAL
	BLP: .
Texture Unloaded: VikingsScenario_Tech30_FOW
	BLP: .
Texture Unloaded: IndonesiaKhmerScenario_Browser_FG
	BLP: .
Texture Unloaded: Pirates_CivSymbols22
	BLP: .
Texture Unloaded: CivRoyale_Radiation
	BLP: .
Texture Unloaded: Suk_OceansResource_Atlas_256
	BLP: D
Texture Unloaded: BlackDeathScenario_Buildings128
	BLP: .
Texture Unloaded: VikingsScenario_Units32
	BLP: .
Texture Unloaded: AustraliaScenario_CivSymbols45
	BLP: .
Texture Unloaded: RedDeath_UFO80
	BLP: .
Texture Unloaded: AustraliaScenario_CivSymbols32
	BLP: .
Texture Unloaded: ICON_CIVIC_RELIC_DOWSING_ROD
	BLP: .
Texture Unloaded: AustraliaScenario_CivSymbols80
	BLP: .
Texture Unloaded: BlackDeathScenario_Leaders45
	BLP: .
Texture Unloaded: Barbarians_CivSymbols22
	BLP: .
Texture Unloaded: AustraliaScenario_CivSymbols256
	BLP: .
Texture Unloaded: Pirates_Notifications100
	BLP: .
Texture Unloaded: PiratesPanel
	BLP: .
Texture Unloaded: Pirates_AwayTeam22
	BLP: .
Texture Unloaded: Pirates_CivSymbols30
	BLP: .
Texture Unloaded: AustraliaScenario_Civics42
	BLP: .
Texture Unloaded: VikingsScenario_CivSymbols36
	BLP: .
Texture Unloaded: ICON_GAMEMODE_SUK_OCEANS
	BLP: D
Texture Unloaded: Barbarians_Notifications40
	BLP: .
Texture Unloaded: CivRoyale_Zombies64
	BLP: .
Texture Unloaded: BlackDeathScenario_Leaders256
	BLP: .
Texture Unloaded: AustraliaScenario_EventBG_WorldPolitics
	BLP: .
Texture Unloaded: NubiaScenario_Tech30_FOW
	BLP: .
Texture Unloaded: VikingsScenario_Leaders80
	BLP: .
Texture Unloaded: Barbarians_CivSymbols80
	BLP: .
Texture Unloaded: VikingsScenario_Units22
	BLP: .
Texture Unloaded: NubiaScenario_Civics38_FOW
	BLP: .
Texture Unloaded: Barbarians_CivSymbols32
	BLP: .
Texture Unloaded: CivRoyaleScenario_UnitPortraits256
	BLP: .
Texture Unloaded: Barbarians_CivSymbols50
	BLP: .
Texture Unloaded: Barbarians_Notifications100
	BLP: .
Texture Unloaded: VikingsScenario_Leaders32
	BLP: .
Texture Unloaded: NubiaScenario_BeliefsPantheon64
	BLP: .
Texture Unloaded: VikingsScenario_Leaders55
	BLP: .
Texture Unloaded: NubiaScenario_CivSymbols48
	BLP: .
Texture Unloaded: RandomTech
	BLP: .
Texture Unloaded: NubiaScenario_CivSymbols36
	BLP: .
Texture Unloaded: LEADER_POLANDNOBLE1_BACKGROUND
	BLP: .
Texture Unloaded: BlackDeathScenario_Buildings32_FOW
	BLP: .
Texture Unloaded: CR_units256
	BLP: .
Texture Unloaded: ICON_CIVIC_RELIC_KRAKANNONS
	BLP: .
Texture Unloaded: VikingsScenario_Civics160_FOW
	BLP: .
Texture Unloaded: LEADER_CNUT_NEUTRAL
	BLP: .
Texture Unloaded: CivRoyale_Safezone100
	BLP: .
Texture Unloaded: Barbarians_CivSymbols128
	BLP: .
Texture Unloaded: NubiaScenario_Resources38
	BLP: .
Texture Unloaded: RedDeath_UFO38
	BLP: .
Texture Unloaded: Pirates_Gold
	BLP: .
Texture Unloaded: GOVERNMENT_KANDAKE
	BLP: .
Texture Unloaded: LEADER_CHARLEMAGNE_NEUTRAL
	BLP: .
Texture Unloaded: VikingsScenario_Units38
	BLP: .
Texture Unloaded: Barbarians_RansomUnit
	BLP: .
Texture Unloaded: IndonesiaScenario_CivSymbols36
	BLP: .
Texture Unloaded: VikingsScenario_Civics38
	BLP: .
Texture Unloaded: AustraliaScenario_Units256
	BLP: .
Texture Unloaded: AustraliaScenario_Civics128
	BLP: .
Texture Unloaded: SAMOSTRZELNIK_1
	BLP: .
Texture Unloaded: IndonesiaScenario_CivSymbols80
	BLP: .
Texture Unloaded: NILE
	BLP: .
Texture Unloaded: Relics_CardSelector
	BLP: .
Texture Unloaded: PolandScenario_Browser_FG
	BLP: .
Texture Unloaded: IndonesiaScenario_UnitPortraits38
	BLP: .
Texture Unloaded: NubiaScenario_Units50
	BLP: .
Texture Unloaded: PolandScenario_Leaders64
	BLP: .
Texture Unloaded: IndonesiaScenario_UnitPortraits95
	BLP: .
Texture Unloaded: VikingsScenario_Civics128_FOW
	BLP: .
Texture Unloaded: Barbarians_CivSymbols48
	BLP: .
Texture Unloaded: PolandScenario_EventBG_InvasionHere
	BLP: .
Texture Unloaded: VikingsScenario_CivSymbols44
	BLP: .
Texture Unloaded: EndGame_BG_CivRoyaleDefeat
	BLP: .
Texture Unloaded: BlackDeathScenario_Buildings256_FOW
	BLP: .
Texture Unloaded: BlackDeathScenario_EventFG_Outbreak
	BLP: .
Texture Unloaded: KOBER_1
	BLP: .
Texture Unloaded: LEADER_PIRATES_SCENARIO_HOARDER_NEUTRAL
	BLP: .
Texture Unloaded: LEADER_CHINA_NEUTRAL
	BLP: .
Texture Unloaded: VikingsScenario_CivSymbols64
	BLP: .
Texture Unloaded: IndonesiaScenario_Religions22
	BLP: .
Texture Unloaded: VikingsScenario_Tech38
	BLP: .
Texture Unloaded: IndonesiaScenario_Units22
	BLP: .
Texture Unloaded: LEADER_WARMACHINE_SCENARIO_BRITAIN_NEUTRAL
	BLP: .
Texture Unloaded: Pirates_Stats45
	BLP: .
Texture Unloaded: Urgent22
	BLP: .
Texture Unloaded: CivRoyaleScenario_CivSymbols48
	BLP: .
Texture Unloaded: VikingsScenario_Civics42
	BLP: .
Texture Unloaded: LEADER_SOUTH_AUSTRALIA_BACKGROUND
	BLP: .
Texture Unloaded: IndonesiaScenario_Religions32
	BLP: .
Texture Unloaded: IndonesiaScenario_UnitPortraits50
	BLP: .
Texture Unloaded: NubiaScenario_Resources32
	BLP: .
Texture Unloaded: HailMary22
	BLP: .
Texture Unloaded: PolandScenario_CivSymbols200
	BLP: .
Texture Unloaded: PolandScenario_CivSymbols36
	BLP: .
Texture Unloaded: NubiaScenario_Civics42_FOW
	BLP: .
Texture Unloaded: VikingsScenario_UnitPortraits50
	BLP: .
Texture Unloaded: CivRoyaleScenario_CivSymbols30
	BLP: .
Texture Unloaded: AustraliaScenario_Projects32
	BLP: .
Texture Unloaded: NubiaScenario_Tech38_FOW
	BLP: .
Texture Unloaded: BlackDeathScenario_Buildings256
	BLP: .
Texture Unloaded: GAMEMODE_BARBARIAN_CLANS_BACKGROUND
	BLP: .
Texture Unloaded: CivRoyale_HailMary40
	BLP: .
Texture Unloaded: LEADER_PALA_NEUTRAL
	BLP: .
Texture Unloaded: AustraliaScenario_UnitPortraits38
	BLP: .
Texture Unloaded: CivRoyaleScenario_Zombie_CivSymbol36
	BLP: .
Texture Unloaded: RedDeath_UnitActions38
	BLP: .
Texture Unloaded: AustraliaScenario_CivSymbols36
	BLP: .
Texture Unloaded: PolandScenario_Leaders48
	BLP: .
Texture Unloaded: BlackDeathScenario_Leaders32
	BLP: .
Texture Unloaded: CivRoyaleScenario_CivSymbols45
	BLP: .
Texture Unloaded: AustraliaScenario_UnitActions256
	BLP: .
Texture Unloaded: Pirates_CivSymbols256
	BLP: .
Texture Unloaded: CivRoyaleIntro_Diagram_1
	BLP: .
Texture Unloaded: CivRoyaleScenario_CivSymbols22
	BLP: .
Texture Unloaded: CivRoyaleScenario_Zombie_CivSymbol128
	BLP: .
Texture Unloaded: Pirates_Notifications40
	BLP: .
Texture Unloaded: LEADER_QUEENSLAND_BACKGROUND
	BLP: .
Texture Unloaded: LEADER_SCENARIO_VICTORIA_BACKGROUND
	BLP: .
Texture Unloaded: NubiaScenario_BeliefsPantheon50
	BLP: .
Texture Unloaded: Barbarians_CivSymbols64
	BLP: .
Texture Unloaded: Barbarians_Raid
	BLP: .
Texture Unloaded: RedDeath_UnitPortraits200
	BLP: .
Texture Unloaded: NubiaScenario_CivSymbols22
	BLP: .
Texture Unloaded: CivRoyaleScenario_Aliens_CivSymbol150
	BLP: .
Texture Unloaded: Barbarians_CivSymbols256
	BLP: .
Texture Unloaded: IndonesiaScenario_UnitPortraits200
	BLP: .
Texture Unloaded: Pirates_AwayTeam50
	BLP: .
Texture Unloaded: Pirates_CivSymbols64
	BLP: .
Texture Unloaded: PiratesIntro_Diagram_3
	BLP: .
Texture Unloaded: Barbarians_UnitActions80
	BLP: .
Texture Unloaded: LEADER_OSTROGSKI_NEUTRAL
	BLP: .
Texture Unloaded: AustraliaScenario_Units32
	BLP: .
Texture Unloaded: CivRoyale_Aliens45
	BLP: .
Texture Unloaded: LaunchBar_RedDeath_Button
	BLP: .
Texture Unloaded: CivRoyale_Zombies45
	BLP: .
Texture Unloaded: BlackDeathScenario_EventFG_Nobility
	BLP: .
Texture Unloaded: NubiaScenario_Features256
	BLP: .
Texture Unloaded: BlackDeathScenario_Buildings38
	BLP: .
Texture Unloaded: CR_units80
	BLP: .
Texture Unloaded: NubiaScenario_CivSymbols32
	BLP: .
Texture Unloaded: NubiaScenario_UnitPortraits95
	BLP: .
Texture Unloaded: GAMEMODE_TREE_RANDOMIZER_NEUTRAL
	BLP: .
Texture Unloaded: AustraliaScenario_Civics128_FOW
	BLP: .
Texture Unloaded: AustraliaScenario_Projects38
	BLP: .
Texture Unloaded: IndonesiaScenario_Leaders32
	BLP: .
Texture Unloaded: AustraliaScenario_Units22
	BLP: .
Texture Unloaded: BlackDeathScenario_EventBG_Physician
	BLP: .
Texture Unloaded: RedDeath_UnitPortraits95
	BLP: .
Texture Unloaded: LEADER_PIRATES_SCENARIO_SWASHBUCKLER_NEUTRAL
	BLP: .
Texture Unloaded: NubiaScenario_TechTree_BGEra_4
	BLP: .
Texture Unloaded: AustraliaScenario_Leaders256
	BLP: .
Texture Unloaded: ICON_CIVIC_RELIC_BLACK_SPOT
	BLP: .
Texture Unloaded: NubiaScenario_UnitPortraits50
	BLP: .
Texture Unloaded: CivRoyale_Leaders128
	BLP: .
Texture Unloaded: PolandScenario_UnitPortraits200
	BLP: .
Texture Unloaded: LaunchBar_Hook_Relics
	BLP: .
Texture Unloaded: PolandScenario_GreatWorks64
	BLP: .
Texture Unloaded: PiratesIntro_Logo
	BLP: .
Texture Unloaded: InciteByMe22
	BLP: .
Texture Unloaded: AustraliaScenario_Civics42_FOW
	BLP: .
Texture Unloaded: VikingsScenario_CivSymbols30
	BLP: .
Texture Unloaded: Suk_OceansResource_Atlas_50
	BLP: D
Texture Unloaded: RedDeathPanel
	BLP: .
Texture Unloaded: RedDeath_UnitActions256
	BLP: .
Texture Unloaded: BlackDeathScenario_Buildings50
	BLP: .
Texture Unloaded: Suk_OceansAlternateResource_Atlas_50
	BLP: D
Texture Unloaded: CivRoyaleScenario_CivSymbols256
	BLP: .
Texture Unloaded: Pirates_Stats22
	BLP: .
Texture Unloaded: VikingsScenario_Civics38_FOW
	BLP: .
Texture Unloaded: NubiaScenario_TechTree_BGEra_3
	BLP: .
Texture Unloaded: LEADER_CIVROYALE_MUTANTS_NEUTRAL
	BLP: .
Texture Unloaded: CityDestroyedLoot40
	BLP: .
Texture Unloaded: CivRoyaleScenario_Aliens_CivSymbol80
	BLP: .
Texture Unloaded: VikingsScenario_Leaders64
	BLP: .
Texture Unloaded: VikingsScenario_Units256
	BLP: .
Texture Unloaded: NubiaScenario_Resources
	BLP: .
Texture Unloaded: Relics_Card
	BLP: .
Texture Unloaded: VikingsScenario_Browser_FG
	BLP: .
Texture Unloaded: CivRoyaleScenario_Aliens_CivSymbol30
	BLP: .
Texture Unloaded: Icon_Feature_Suk_Kelp_256
	BLP: D
Texture Unloaded: NubiaScenario_Civics42
	BLP: .
Texture Unloaded: CivRoyaleStartSplash
	BLP: .
Texture Unloaded: PiratesControls_SubHeader
	BLP: .
Texture Unloaded: BlackDeathScenario_UnitPortraits95
	BLP: .
Texture Unloaded: VikingsScenario_Tech42
	BLP: .
Texture Unloaded: ICON_CIVIC_RELIC_SINGING_TOPMEN
	BLP: .
Texture Unloaded: KOBER_2
	BLP: .
Texture Unloaded: LEADER_EDWARD_III_NEUTRAL
	BLP: .
Texture Unloaded: BlackDeathScenario_Buildings50_FOW
	BLP: .
Texture Unloaded: Barbarians_Disperse
	BLP: .
Texture Unloaded: POLANDNOBLE1
	BLP: .
Texture Unloaded: PiratesControls_BannerHeaderRed
	BLP: .
Texture Unloaded: CivRoyaleScenario_Zombie_CivSymbol80
	BLP: .
Texture Unloaded: IndonesiaScenario_CivSymbols64
	BLP: .
Texture Unloaded: AustraliaScenario_Features64
	BLP: .
Texture Unloaded: LEADER_HARDRADA_V_NEUTRAL
	BLP: .
Texture Unloaded: AustraliaScenario_Civics38_FOW
	BLP: .
Texture Unloaded: Religion_Vajrayana_Buddhism
	BLP: .
Texture Unloaded: Barbarians_UnitActions256
	BLP: .
Texture Unloaded: CivRoyaleScenario_UnitPortraits95
	BLP: .
Texture Unloaded: IndonesiaScenario_CivSymbols44
	BLP: .
Texture Unloaded: NubiaScenario_Civics128
	BLP: .
Texture Unloaded: CivRoyaleScenario_Zombie_CivSymbol32
	BLP: .
Texture Unloaded: CivRoyaleScenario_UnitPortraits50
	BLP: .
Texture Unloaded: LEADER_CIVROYALE_CULTISTS_NEUTRAL
	BLP: .
Texture Unloaded: CivRoyaleScenario_Zombie_CivSymbol50
	BLP: .
Texture Unloaded: PolandScenario_Leaders32
	BLP: .
Texture Unloaded: LEADER_AL_HAKAM_II_NEUTRAL
	BLP: .
Texture Unloaded: LEADER_WARMACHINE_SCENARIO_BELGIUM_NEUTRAL
	BLP: .
Texture Unloaded: CivRoyaleScenario_UnitPortraits70
	BLP: .
Texture Unloaded: PolandScenario_UnitPortraits95
	BLP: .
Texture Unloaded: NubiaScenario_Civics38
	BLP: .
Texture Unloaded: NubiaScenario_CivSymbols45
	BLP: .
Texture Unloaded: RedDeath_Zombies50
	BLP: .
Texture Unloaded: CivRoyale_Leaders45
	BLP: .
Texture Unloaded: PolandScenario_UnitPortraits50
	BLP: .
Texture Unloaded: NubiaScenario_Civics160_FOW
	BLP: .
Texture Unloaded: Governments_ReligionCard_Small
	BLP: .
Texture Unloaded: ICON_CIVIC_RELIC_CAPTAIN_KIDD_JOURNAL
	BLP: .
Texture Unloaded: LEADER_CHOLA_NEUTRAL
	BLP: .
Texture Unloaded: LEADER_QUEENSLAND_NEUTRAL
	BLP: .
Texture Unloaded: PolandScenario_UnitPortraits70
	BLP: .
Texture Unloaded: Icon_Feature_Suk_Kelp_64
	BLP: D
Texture Unloaded: PolandScenario_CivSymbols256
	BLP: .
Texture Unloaded: Pirates_UnitPortraits70
	BLP: .
Texture Unloaded: AustraliaScenario_UnitActions38
	BLP: .
Texture Unloaded: NubiaScenario_Civics128_FOW
	BLP: .
Texture Unloaded: NubiaScenario_EventBG_General
	BLP: .
Texture Unloaded: Pirates_UnitPortraits95
	BLP: .
Texture Unloaded: AustraliaScenario_CivSymbols22
	BLP: .
Texture Unloaded: Pirates_CivSymbols200
	BLP: .
Texture Unloaded: Religion_Shaivism
	BLP: .
Texture Unloaded: AustraliaScenario_CivSymbols200
	BLP: .
Texture Unloaded: AustraliaScenario_Units80
	BLP: .
Texture Unloaded: ICON_CIVIC_RELIC_SKULL_FIRESHOT
	BLP: .
Texture Unloaded: RedDeath_UFO50
	BLP: .
Texture Unloaded: Barbarians_CivSymbols45
	BLP: .
Texture Unloaded: AustraliaScenario_Leaders64
	BLP: .
Texture Unloaded: NubiaScenario_Civics160
	BLP: .
Texture Unloaded: CivRoyaleScenario_CivSymbols36
	BLP: .
Texture Unloaded: CR_units32
	BLP: .
Texture Unloaded: RedDeathPanel_Meter
	BLP: .
Texture Unloaded: Pirates_CivSymbols50
	BLP: .
Texture Unloaded: IndonesiaScenario_Leaders45
	BLP: .
Texture Unloaded: AustraliaScenario_Units50
	BLP: .
Texture Unloaded: Radiation_Off22
	BLP: .
Texture Unloaded: AustraliaScenario_EventFG_Danger
	BLP: .
Texture Unloaded: Pirates_CivSymbols80
	BLP: .
Texture Unloaded: NubiaScenario_UnitPortraits256
	BLP: .
Texture Unloaded: NubiaScenario_CivSymbols80
	BLP: .
Texture Unloaded: PiratesIntro_Diagram_2
	BLP: .
Texture Unloaded: AustraliaScenario_Civics160_FOW
	BLP: .
Texture Unloaded: NubiaScenario_CivSymbols50
	BLP: .
Texture Unloaded: VikingsScenario_Units50
	BLP: .
Texture Unloaded: ICON_CIVIC_RELIC_CURSED_PIECES_OF_EIGHT
	BLP: .
Texture Unloaded: VikingsScenario_Tech160
	BLP: .
Texture Unloaded: RedDeath_UFO22
	BLP: .
Texture Unloaded: AustraliaScenario_UnitActions50
	BLP: .
Texture Unloaded: VikingsScenario_Leaders50
	BLP: .
Texture Unloaded: IndonesiaScenario_Leaders80
	BLP: .
Texture Unloaded: AustraliaScenario_UnitActions80
	BLP: .
Texture Unloaded: CivRoyale_Aliens64
	BLP: .
Texture Unloaded: NubiaScenario_Units38
	BLP: .
Texture Unloaded: AustraliaScenario_Civics160
	BLP: .
Texture Unloaded: CR_units22
	BLP: .
Texture Unloaded: VIKING
	BLP: .
Texture Unloaded: IndonesiaScenario_Leaders48
	BLP: .
Texture Unloaded: AustraliaScenario_EventFG_Delay
	BLP: .
Texture Unloaded: GAMEMODE_TREE_RANDOMIZER_BACKGROUND
	BLP: .
Texture Unloaded: PolandScenario_GreatWorks45
	BLP: .
Texture Unloaded: Pirates_CivSymbols48
	BLP: .
Texture Unloaded: Barbarians_CivSymbols30
	BLP: .
Texture Unloaded: Pirates_Stats26
	BLP: .
Texture Unloaded: VikingsScenario_UnitPortraits200
	BLP: .
Texture Unloaded: LEADER_CIVROYALE_WANDERERS_NEUTRAL
	BLP: .
Texture Unloaded: AustraliaScenario_Civics38
	BLP: .
Texture Unloaded: IndonesiaScenario_Religions100
	BLP: .
Texture Unloaded: Barbarians_Incite
	BLP: .
Texture Unloaded: CivRoyaleScenario_Aliens_CivSymbol64
	BLP: .
Texture Unloaded: AustraliaScenario_Units38
	BLP: .
Texture Unloaded: Suk_OceansResource_Atlas_32
	BLP: D
Texture Unloaded: LEADER_CIVROYALE_JOCKS_NEUTRAL
	BLP: .
Texture Unloaded: Pirates_UnitActions50
	BLP: .
Texture Unloaded: NubiaScenario_Tech160_FOW
	BLP: .
Texture Unloaded: LEADER_WESTERN_AUSTRALIA_NEUTRAL
	BLP: .
Texture Unloaded: BlackDeathScenario_EventFG_False
	BLP: .
Texture Unloaded: BlackDeathScenario_Buildings32
	BLP: .
Texture Unloaded: Pirates_UnitActions80
	BLP: .
Texture Unloaded: IndonesiaScenario_Leaders256
	BLP: .
Texture Unloaded: NubiaScenario_CivSymbols200
	BLP: .
Texture Unloaded: CivRoyaleScenario_Aliens_CivSymbol44
	BLP: .
Texture Unloaded: ICON_CIVIC_RELIC_FISHING_FLOATS
	BLP: .
Texture Unloaded: PolandScenario_Leaders45
	BLP: .
Texture Unloaded: AustraliaScenario_UnitPortraits50
	BLP: .
Texture Unloaded: IndonesiaScenario_CivSymbols50
	BLP: .
Texture Unloaded: CR_units38
	BLP: .
Texture Unloaded: Governments_ReligionCard
	BLP: .
Texture Unloaded: LEADER_VIKING_BACKGROUND
	BLP: .
Texture Unloaded: BlackDeathScenario_EventBG_End
	BLP: .
Texture Unloaded: AustraliaScenario_EventBG_AusPolitics
	BLP: .
Texture Unloaded: AustraliaScenario_UnitPortraits70
	BLP: .
Texture Unloaded: AustraliaScenario_Browser_FG
	BLP: .
Texture Unloaded: NubiaScenario_Units22
	BLP: .
Texture Unloaded: LEADER_POLANDNOBLE3_BACKGROUND
	BLP: .
Texture Unloaded: Suk_OceansResource_Atlas_22
	BLP: D
Texture Unloaded: IndonesiaScenario_CivSymbols30
	BLP: .
Texture Unloaded: NubiaScenario_TechTree_BGEra_2
	BLP: .
Texture Unloaded: AustraliaScenario_Leaders48
	BLP: .
Texture Unloaded: VikingsScenario_Leaders45
	BLP: .
Texture Unloaded: GAMEMODE_SUK_OCEANS_NEUTRAL
	BLP: D
Texture Unloaded: Religion_Theravada_Buddhism
	BLP: .
Texture Unloaded: PolandScenario_Units50
	BLP: .
Texture Unloaded: PolandScenario_CivSymbols80
	BLP: .
Texture Unloaded: Pirates_UnitPortraits256
	BLP: .
Texture Unloaded: PolandScenario_Units80
	BLP: .
Texture Unloaded: Pirates_AwayTeam256
	BLP: .
Texture Unloaded: Suk_OceansAlternateResource_Atlas_64
	BLP: D
Texture Unloaded: LEADER_CIVROYALE_ALIENS_NEUTRAL
	BLP: .
Texture Unloaded: PolandScenario_CivSymbols50
	BLP: .
Texture Unloaded: ICON_CIVIC_RELIC_LOLONNAIS_CUTLERY
	BLP: .
Texture Unloaded: CivRoyale_SafezoneStart40
	BLP: .
Texture Unloaded: CivRoyale_SupplyDrop100
	BLP: .
Texture Unloaded: NubiaScenario_Units32
	BLP: .
Texture Unloaded: KOBER_3
	BLP: .
Texture Unloaded: BlackDeathScenario_EventFG_Fall
	BLP: .
Texture Unloaded: RedDeath_UnitActions50
	BLP: .
Texture Unloaded: NubiaScenario_Tech42_FOW
	BLP: .
Texture Unloaded: POLANDNOBLE2
	BLP: .
Texture Unloaded: NubiaScenario_Features64
	BLP: .
Texture Unloaded: PolandScenario_Leaders80
	BLP: .
Texture Unloaded: Suk_OceansResource_Atlas_38
	BLP: D
Texture Unloaded: AustraliaScenario_Leaders50
	BLP: .
Texture Unloaded: CivRoyaleScenario_Zombie_CivSymbol44
	BLP: .
Texture Unloaded: PolandScenario_Leaders50
	BLP: .
Texture Unloaded: CivRoyaleScenario_Aliens_CivSymbol128
	BLP: .
Texture Unloaded: Calm22
	BLP: .
Texture Unloaded: IndonesiaScenario_CivSymbols45
	BLP: .
Texture Unloaded: CivRoyaleScenario_Aliens_CivSymbol256
	BLP: .
Texture Unloaded: NubiaScenario_Tech160
	BLP: .
Texture Unloaded: BlackDeathScenario_EventBG_Sick
	BLP: .
Texture Unloaded: VikingsScenario_Civics160
	BLP: .
Texture Unloaded: CivRoyaleScenario_Aliens_CivSymbol36
	BLP: .
Texture Unloaded: CivRoyaleScenario_Zombie_CivSymbol64
	BLP: .
Texture Unloaded: Pirates_AwayTeam38
	BLP: .
Texture Unloaded: AustraliaScenario_Leaders80
	BLP: .
Texture Unloaded: BlackDeathScenario_Leaders55
	BLP: .
Texture Unloaded: VikingsScenario_UnitPortraits70
	BLP: .
Texture Unloaded: NubiaScenario_CivSymbols44
	BLP: .
Texture Unloaded: VikingsScenario_Tech128_FOW
	BLP: .
Texture Unloaded: Bribe22
	BLP: .
Texture Unloaded: IndonesiaScenario_CivSymbols200
	BLP: .
Texture Unloaded: IndonesiaScenario_Religions50
	BLP: .
Texture Unloaded: LEADER_WESTERN_AUSTRALIA_BACKGROUND
	BLP: .
Texture Unloaded: CivRoyaleScenario_CivSymbols32
	BLP: .
Texture Unloaded: RedDeath_Zombies256
	BLP: .
Texture Unloaded: AustraliaScenario_Projects30
	BLP: .
Texture Unloaded: LEADER_CIVROYALE_ZOMBIES_NEUTRAL
	BLP: .
Texture Unloaded: AustraliaScenario_CivSymbols50
	BLP: .
Texture Unloaded: NubiaScenario_UnitPortraits38
	BLP: .
Texture Unloaded: AustraliaScenario_Leaders55
	BLP: .
Texture Unloaded: Relics_EmptyCard
	BLP: .
Texture Unloaded: LEADER_CIVROYALE_EDGELORDS_NEUTRAL
	BLP: .
Texture Unloaded: BlackDeathScenario_Leaders80
	BLP: .
Texture Unloaded: AustraliaScenario_Projects50
	BLP: .
Texture Unloaded: AustraliaScenario_CivSymbols30
	BLP: .
Texture Unloaded: NubiaScenario_Tech38
	BLP: .
Texture Unloaded: CivRoyaleIntro_Diagram_3
	BLP: .
Texture Unloaded: RedDeath_UnitPortraits38
	BLP: .
Texture Unloaded: BlackDeathScenario_Leaders50
	BLP: .
Texture Unloaded: RedDeath_UFO256
	BLP: .
Texture Unloaded: CivRoyale_Aliens128
	BLP: .
Texture Unloaded: IndonesiaScenario_Leaders64
	BLP: .
Texture Unloaded: Barbarians_CivSymbols44
	BLP: .
Texture Unloaded: VikingsScenario_CivSymbols48
	BLP: .
Texture Unloaded: NubiaScenario_Tech128
	BLP: .
Texture Unloaded: PiratesCompletedPopup_Frame
	BLP: .
Texture Unloaded: BlackDeathScenario_Buildings80_FOW
	BLP: .
Texture Unloaded: VikingsScenario_Civics128
	BLP: .
Texture Unloaded: Pirate_FontIcons
	BLP: .
Texture Unloaded: CivRoyale_Bracket
	BLP: .
Texture Unloaded: Pirates_CivLeaders45
	BLP: .
Texture Unloaded: NubiaScenario_BeliefsPantheon32
	BLP: .
Texture Unloaded: Pirates_CivSymbols44
	BLP: .
Texture Unloaded: AustraliaScenario_CivSymbols48
	BLP: .
Texture Unloaded: BLACKDEATH
	BLP: .
Texture Unloaded: IndonesiaScenario_UnitPortraits256
	BLP: .
Texture Unloaded: Barbarians_Hire
	BLP: .
Texture Unloaded: Pirates_AwayTeam32
	BLP: .
Texture Unloaded: Pirates_AwayTeam80
	BLP: .
Texture Unloaded: PolandScenario_UnitPortraits256
	BLP: .
Texture Unloaded: Pirates_UnitPortraits38
	BLP: .
Texture Unloaded: INDONESIA
	BLP: .
Texture Unloaded: IndonesiaScenario_CivSymbols128
	BLP: .
Texture Unloaded: LEADER_ALFONSO_XI_NEUTRAL
	BLP: .
Texture Unloaded: Suk_OceansAlternateResource_Atlas_38
	BLP: D
Texture Unloaded: BlackDeathScenario_EventFG_Plague
	BLP: .
Texture Unloaded: BlackDeathScenario_UnitPortraits70
	BLP: .
Texture Unloaded: VikingsScenario_CivSymbols50
	BLP: .
Texture Unloaded: CivRoyaleScenario_UnitPortraits200
	BLP: .
Texture Unloaded: CivRoyale_Unit
	BLP: .
Texture Unloaded: IndonesiaScenario_Units38
	BLP: .
Texture Unloaded: BlackDeathScenario_UnitPortraits200
	BLP: .
Texture Unloaded: NubiaScenario_Browser_FG
	BLP: .
Texture Unloaded: BlackDeathScenario_UnitPortraits50
	BLP: .
Texture Unloaded: NubiaScenario_UnitPortraits200
	BLP: .
Texture Unloaded: LEADER_POLANDNOBLE2_BACKGROUND
	BLP: .
Texture Unloaded: Pirates_Stats16
	BLP: .
Texture Unloaded: CivRoyaleScenario_UnitPortraits38
	BLP: .
Texture Unloaded: SAMOSTRZELNIK_3
	BLP: .
Texture Unloaded: VikingsScenario_CivSymbols80
	BLP: .
Texture Unloaded: CivRoyale_Zombies128
	BLP: .
Texture Unloaded: LEADER_PIRATES_SCENARIO_SWASHBUCKLER_BACKGROUND
	BLP: .
Texture Unloaded: CivRoyaleScenario_Aliens_CivSymbol45
	BLP: .
Texture Unloaded: Pirates_Stats32
	BLP: .
Texture Unloaded: CivRoyaleScenario_Aliens_CivSymbol22
	BLP: .
Texture Unloaded: NubiaScenario_CivSymbols256
	BLP: .
Texture Unloaded: Pirates_Stats55
	BLP: .
Texture Unloaded: Pirates_EventFG_VisitTavern
	BLP: .
Texture Unloaded: CivRoyaleScenario_Zombie_CivSymbol256
	BLP: .
Texture Unloaded: PolandScenario_UnitPortraits38
	BLP: .
Texture Unloaded: Pirates_CivLeaders128
	BLP: .
Texture Unloaded: LEADER_CIVROYALE_PIRATES_NEUTRAL
	BLP: .
Texture Unloaded: AustraliaScenario_UnitPortraits256
	BLP: .
Texture Unloaded: LEADER_PIRATES_SCENARIO_PRIVATEER_BACKGROUND
	BLP: .
Texture Unloaded: LEADER_TUFAN_NEUTRAL
	BLP: .
Texture Unloaded: PolandScenario_CivSymbols64
	BLP: .
Texture Unloaded: CityDestroyedLoot100
	BLP: .
Texture Unloaded: VikingsScenario_Tech42_FOW
	BLP: .
Texture Unloaded: RedDeath_Zombies38
	BLP: .
Texture Unloaded: Pirates_Morale55
	BLP: .
Texture Unloaded: NubiaScenario_Units80
	BLP: .
Texture Unloaded: CivRoyaleScenario_CivSymbols128
	BLP: .
Texture Unloaded: CivRoyaleScenario_Zombie_CivSymbol48
	BLP: .
Texture Unloaded: NubiaScenario_Resources_FOW
	BLP: .
Texture Unloaded: PolandScenario_CivSymbols44
	BLP: .
Texture Unloaded: Suk_OceansResource_Atlas_64
	BLP: D
Texture Unloaded: Religion_Shavism_Buddhism
	BLP: .
Texture Unloaded: BlackDeathScenario_UnitPortraits38
	BLP: .
Texture Unloaded: VikingsScenario_UnitPortraits256
	BLP: .
Texture Unloaded: NubiaScenario_Features50
	BLP: .
Texture Unloaded: CivRoyaleScenario_Aliens_CivSymbol32
	BLP: .
Texture Unloaded: ICON_CIVIC_RELIC_ENGLISH_POINTER
	BLP: .
Texture Unloaded: CivRoyale_BracketRed
	BLP: .
Texture Unloaded: CivRoyale_Safezone40
	BLP: .
Texture Unloaded: NubiaScenario_BeliefsPantheon256
	BLP: .
Texture Unloaded: IndonesiaScenario_UnitPortraits70
	BLP: .
Texture Unloaded: LEADER_WARMACHINE_SCENARIO_FRANCE_NEUTRAL
	BLP: .
Texture Unloaded: Pirates_CivSymbols128
	BLP: .
Texture Unloaded: LEADER_CIVROYALE_BACKGROUND
	BLP: .
Texture Unloaded: AustraliaScenario_Features256
	BLP: .
Texture Unloaded: Pirates_UnitActions256
	BLP: .
Texture Unloaded: IndonesiaScenario_Units32
	BLP: .
Texture Unloaded: POLANDNOBLE3
	BLP: .
Texture Unloaded: LEADER_CIVROYALE_DOOMSDAYPREPPERS_NEUTRAL
	BLP: .
Texture Unloaded: IndonesiaScenario_Units80
	BLP: .
Texture Unloaded: CivRoyale_SupplyDrop40
	BLP: .
Texture Unloaded: BlackDeathScenario_EventBG_Gods
	BLP: .
Texture Unloaded: CivRoyaleScenario_Zombie_CivSymbol45
	BLP: .
Texture Unloaded: LEADER_PIRATES_SCENARIO_DREAD_PIRATE_NEUTRAL
	BLP: .
Texture Unloaded: CivRoyaleScenario_CivSymbols80
	BLP: .
Texture Unloaded: ICON_CIVIC_RELIC_BLACKBEARD_FUSE
	BLP: .
Texture Unloaded: RedDeath_Zombies22
	BLP: .
Texture Unloaded: CivRoyaleScenario_Zombie_CivSymbol30
	BLP: .
Texture Unloaded: ICON_CIVIC_RELIC_CRATES_OF_RUM
	BLP: .
Texture Unloaded: GOVERNMENT_PHARAOH
	BLP: .
Texture Unloaded: VikingsScenario_UnitPortraits95
	BLP: .
Texture Unloaded: CivRoyale_HailMary100
	BLP: .
Texture Unloaded: AustraliaScenario_EventFG_Default
	BLP: .
Texture Unloaded: Australia_Resources256_FOW
	BLP: .
Texture Unloaded: NubiaScenario_EventBG_Priestess
	BLP: .
Texture Unloaded: LEADER_LOUIS_NEUTRAL
	BLP: .
Texture Unloaded: NubiaScenario_Resources50
	BLP: .
Texture Unloaded: AustraliaScenario_Features50
	BLP: .
Texture Unloaded: CivRoyaleScenario_CivSymbols50
	BLP: .
Texture Unloaded: Pirates_CivSymbols36
	BLP: .
Texture Unloaded: NubiaScenario_Resources256_FOW
	BLP: .
Texture Unloaded: LEADER_PIRATES_SCENARIO_PRIVATEER_NEUTRAL
	BLP: .
Texture Unloaded: LEADER_PIRATES_SCENARIO_HOARDER_BACKGROUND
	BLP: .
Texture Unloaded: VikingsScenario_Tech30
	BLP: .
Texture Unloaded: AustraliaScenario_Leaders45
	BLP: .
Texture Unloaded: AustraliaScenario_CivSymbols64
	BLP: .
Texture Unloaded: Radiation_On22
	BLP: .
Texture Unloaded: CivRoyaleRingClosing
	BLP: .
Texture Unloaded: LEADER_PHILLIP_VI_NEUTRAL
	BLP: .
Texture Unloaded: RedDeath_Zombies32
	BLP: .
Texture Unloaded: NubiaScenario_EventBG_Intro
	BLP: .
Texture Unloaded: VikingsScenario_Tech128
	BLP: .
Texture Unloaded: IndonesiaScenario_Religions16
	BLP: .
Texture Unloaded: AustraliaScenario_CivSymbols44
	BLP: .
Texture Unloaded: PiratesIntro_Diagram_1
	BLP: .
Texture Unloaded: VikingsScenario_Leaders48
	BLP: .
Texture Unloaded: PolandScenario_Units256
	BLP: .
Texture Unloaded: LEADER_RADZIWILL_NEUTRAL
	BLP: .
Texture Unloaded: NubiaScenario_CivSymbols55
	BLP: .
Texture Unloaded: VikingsScenario_Tech160_FOW
	BLP: .
Texture Unloaded: CivRoyaleIntro_Diagram_2
	BLP: .
Texture Unloaded: ICON_CIVIC_RELIC_BONNY_PISTOLS
	BLP: .
Texture Unloaded: BlackDeathScenario_Leaders64
	BLP: .
Texture Unloaded: NubiaScenario_CivSymbols30
	BLP: .
Texture Unloaded: Pirates_UnitActions38
	BLP: .
Texture Unloaded: IndonesiaScenario_Leaders50
	BLP: .
Texture Unloaded: Barbarians_UnitActions50
	BLP: .
Texture Unloaded: VikingsScenario_Units80
	BLP: .
Texture Unloaded: Barbarians_CivSymbols200
	BLP: .
Texture Unloaded: Diplomacy_RedDeath_X
	BLP: .
Texture Unloaded: RedDeath_UFO32
	BLP: .
Texture Unloaded: VikingsScenario_UnitPortraits38
	BLP: .
Texture Unloaded: Icon_Feature_Suk_Kelp_50
	BLP: D
Texture Unloaded: CivRoyale_SafezoneStart100
	BLP: .
Texture Unloaded: IndonesiaScenario_CivSymbols256
	BLP: .
Texture Unloaded: CR_units50
	BLP: .
Texture Unloaded: PiratesIntro_Diagram_4
	BLP: .
Texture Unloaded: Pirates_CivLeaders64
	BLP: .
Texture Unloaded: NubiaScenario_UnitPortraits70
	BLP: .
Texture Unloaded: NubiaScenario_Units256
	BLP: .
Texture Unloaded: BlackDeathScenario_Buildings38_FOW
	BLP: .
Texture Unloaded: RedDeath_UnitPortraits50
	BLP: .
Texture Unloaded: PolandScenario_Units38
	BLP: .
Texture Unloaded: IndonesiaScenario_CivSymbols48
	BLP: .
Texture Unloaded: IndonesiaScenario_Units256
	BLP: .
Texture Unloaded: IndonesiaScenario_Leaders55
	BLP: .
Texture Unloaded: Suk_OceansAlternateResource_Atlas_22
	BLP: D
Texture Unloaded: RedDeath_UnitPortraits70
	BLP: .
Texture Unloaded: EndGame_BG_CivRoyaleVictory
	BLP: .
Texture Unloaded: AustraliaScenario_EventFG_Benefit
	BLP: .
Texture Unloaded: Barbarians_UnitActions38
	BLP: .
Texture Unloaded: PolandScenario_GreatWorks256
	BLP: .
Texture Unloaded: Barbarians_CivSymbols36
	BLP: .
Texture Unloaded: NubiaScenario_TechTree_BGEra_1
	BLP: .
Texture Unloaded: PolandScenario_EventBG_EarlyWarning
	BLP: .
Texture Unloaded: BlackDeathScenario_Buildings128_FOW
	BLP: .
Texture Unloaded: Suk_OceansAlternateResource_Atlas_256
	BLP: D
Texture Unloaded: SAMOSTRZELNIK_2
	BLP: .
Texture Unloaded: VikingsScenario_Civics42_FOW
	BLP: .
Texture Unloaded: VikingsScenario_CivSymbols256
	BLP: .
Texture Unloaded: PolandScenario_CivSymbols48
	BLP: .
Texture Unloaded: PolandScenario_Units22
	BLP: .
Texture Unloaded: BlackDeathScenario_UnitPortraits256
	BLP: .
Texture Unloaded: LEADER_SOUTH_AUSTRALIA_NEUTRAL
	BLP: .
Texture Unloaded: LEADER_POTOCKI_NEUTRAL
	BLP: .
Texture Unloaded: VikingsScenario_CivSymbols22
	BLP: .
Texture Unloaded: BlackDeathScenario_Buildings80
	BLP: .
Texture Unloaded: LEADER_PIRATES_SCENARIO_DREAD_PIRATE_BACKGROUND
	BLP: .
Texture Unloaded: LEADER_SCENARIO_VICTORIA_NEUTRAL
	BLP: .
Texture Unloaded: AustraliaScenario_EventBG_Default
	BLP: .
Texture Unloaded: Pirates_UnitPortraits200
	BLP: .
Texture Unloaded: VikingsScenario_CivSymbols45
	BLP: .
Texture Unloaded: Suk_OceansAlternateResource_Atlas_32
	BLP: D
Texture Unloaded: PolandScenario_Leaders256
	BLP: .
Texture Unloaded: AustraliaScenario_UnitPortraits95
	BLP: .
Texture Unloaded: LEADER_GHAZNAVID_NEUTRAL
	BLP: .
Texture Unloaded: PolandScenario_CivSymbols30
	BLP: .
Texture Unloaded: GAMEMODE_BARBARIAN_CLANS_NEUTRAL
	BLP: .
Texture Unloaded: LEADER_OLOF_NEUTRAL
	BLP: .
Texture Unloaded: IndonesiaScenario_CivSymbols32
	BLP: .
Texture Unloaded: Incite22
	BLP: .
Texture Unloaded: CivRoyaleScenario_Aliens_CivSymbol50
	BLP: .
Texture Unloaded: RedDeath_UnitActions80
	BLP: .
Texture Unloaded: PolandScenario_Leaders55
	BLP: .
Texture Unloaded: AustraliaScenario_UnitPortraits200
	BLP: .
Texture Unloaded: PolandScenario_CivSymbols45
	BLP: .
Texture Unloaded: AustraliaScenario_CivSymbols128
	BLP: .
Texture Unloaded: NubiaScenario_Resources256
	BLP: .
Texture Unloaded: PolandScenario_Units32
	BLP: .
Texture Unloaded: NubiaScenario_EventBG_Invasion
	BLP: .
Texture Unloaded: PolandScenario_CivSymbols22
	BLP: .
Texture Unloaded: VikingsScenario_Tech38_FOW
	BLP: .
Texture Unloaded: NubiaScenario_Tech30
	BLP: .
Texture Unloaded: LEADER_CIVROYALE_MADSCIENTISTS_NEUTRAL
	BLP: .
Texture Unloaded: IndonesiaScenario_Units50
	BLP: .
Texture Unloaded: IndonesiaScenario_CivSymbols22
	BLP: .
Texture Unloaded: Barbarians
	BLP: .
Texture Unloaded: CivRoyaleIntro_Logo
	BLP: .
Texture Unloaded: AustraliaScenario_Projects256
	BLP: .
Texture Unloaded: CivRoyaleScenario_Zombie_CivSymbol22
	BLP: .
Texture Unloaded: Barbarians_Bribe
	BLP: .
Texture Unloaded: RedDeath_UnitPortraits256
	BLP: .
Texture Unloaded: NubiaScenario_CivSymbols128
	BLP: .
Texture Unloaded: LEADER_INDONESIA_NEUTRAL
	BLP: .
Texture Unloaded: CivRoyaleScenario_CivSymbols64
	BLP: .
Texture Unloaded: ICON_CIVIC_RELIC_JOLLY_ROGERS
	BLP: .
Texture Unloaded: VikingsScenario_Leaders256
	BLP: .
Texture Unloaded: NubiaScenario_Tech42
	BLP: .
Texture Unloaded: CivRoyaleScenario_Aliens_CivSymbol48
	BLP: .
Texture Unloaded: Pirates_UnitPortraits50
	BLP: .
