[2280549.730] Resolving Random Leaders for Game.
[2280549.730] Current Civ/Leader State:
[2280549.730] Player 0: Civilization - (null) (0)  Leader - (null) (-1), - Level - CIVILIZATION_LEVEL_FULL_CIV, SlotStatus - Human
[2280549.730] Player 1: Civilization - (null) (0)  Leader - (null) (-1), - Level - CIVILIZATION_LEVEL_FULL_CIV, SlotStatus - AI
[2280549.731] Resolving random leader for player 0
[2280549.731] Possible Values: CIVILIZATION_AMERICA::LEADER_ABRAHAM_LINCOLN, CIVILIZATION_MACEDON::LEADER_ALEXANDER, CIVILIZATION_NUBIA::LEADER_AMANITORE, CIVILIZATION_GAUL::LEADER_AMBIORIX, CIVILIZATION_VIETNAM::LEADER_LADY_TRIEU, CIVILIZATION_BYZANTIUM::LEADER_BASIL, CIVILIZATION_FRANCE::LEADER_CATHERINE_DE_MEDICI, CIVILIZATION_FRANCE::LEADER_CATHERINE_DE_MEDICI_ALT, CIVILIZATION_INDIA::LEADER_CHANDRAGUPTA, CIVILIZATION_EGYPT::LEADER_CLEOPATRA, CIVILIZATION_EGYPT::LEADER_CLEOPATRA_ALT, CIVILIZATION_PERSIA::LEADER_CYRUS, CIVILIZATION_PHOENICIA::LEADER_DIDO, CIVILIZATION_ENGLAND::LEADER_ELEANOR_ENGLAND, CIVILIZATION_FRANCE::LEADER_ELEANOR_FRANCE, CIVILIZATION_ENGLAND::LEADER_ELIZABETH, CIVILIZATION_GERMANY::LEADER_BARBAROSSA, CIVILIZATION_INDIA::LEADER_GANDHI, CIVILIZATION_MONGOLIA::LEADER_GENGHIS_KHAN, CIVILIZATION_SUMERIA::LEADER_GILGAMESH, CIVILIZATION_INDONESIA::LEADER_GITARJA, CIVILIZATION_GREECE::LEADER_GORGO, CIVILIZATION_BABYLON_STK::LEADER_HAMMURABI, CIVILIZATION_NORWAY::LEADER_HARDRADA, CIVILIZATION_NORWAY::LEADER_HARALD_ALT, CIVILIZATION_JAPAN::LEADER_HOJO, CIVILIZATION_POLAND::LEADER_JADWIGA, CIVILIZATION_KHMER::LEADER_JAYAVARMAN, CIVILIZATION_PORTUGAL::LEADER_JOAO_III, CIVILIZATION_AUSTRALIA::LEADER_JOHN_CURTIN, CIVILIZATION_SWEDEN::LEADER_KRISTINA, CIVILIZATION_CHINA::LEADER_KUBLAI_KHAN_CHINA, CIVILIZATION_MONGOLIA::LEADER_KUBLAI_KHAN_MONGOLIA, CIVILIZATION_MAORI::LEADER_KUPE, CIVILIZATION_MAYA::LEADER_LADY_SIX_SKY, CIVILIZATION_MAPUCHE::LEADER_LAUTARO, CIVILIZATION_GERMANY::LEADER_LUDWIG, CIVILIZATION_MALI::LEADER_MANSA_MUSA, CIVILIZATION_HUNGARY::LEADER_MATTHIAS_CORVINUS, CIVILIZATION_ETHIOPIA::LEADER_MENELIK, CIVILIZATION_AZTEC::LEADER_MONTEZUMA, CIVILIZATION_KONGO::LEADER_MVEMBA, CIVILIZATION_PERSIA::LEADER_NADER_SHAH, CIVILIZATION_KONGO::LEADER_NZINGA_MBANDE, CIVILIZATION_INCA::LEADER_PACHACUTI, CIVILIZATION_BRAZIL::LEADER_PEDRO, CIVILIZATION_GREECE::LEADER_PERICLES, CIVILIZATION_RUSSIA::LEADER_PETER_GREAT, CIVILIZATION_SPAIN::LEADER_PHILIP_II, CIVILIZATION_CREE::LEADER_POUNDMAKER, CIVILIZATION_CHINA::LEADER_QIN, CIVILIZATION_CHINA::LEADER_QIN_ALT, CIVILIZATION_EGYPT::LEADER_RAMSES, CIVILIZATION_SCOTLAND::LEADER_ROBERT_THE_BRUCE, CIVILIZATION_ARABIA::LEADER_SALADIN_ALT, CIVILIZATION_ARABIA::LEADER_SALADIN, CIVILIZATION_KOREA::LEADER_SEJONG, CIVILIZATION_KOREA::LEADER_SEONDEOK, CIVILIZATION_ZULU::LEADER_SHAKA, CIVILIZATION_GRAN_COLOMBIA::LEADER_SIMON_BOLIVAR, CIVILIZATION_OTTOMAN::LEADER_SULEIMAN, CIVILIZATION_OTTOMAN::LEADER_SULEIMAN_ALT, CIVILIZATION_MALI::LEADER_SUNDIATA_KEITA, CIVILIZATION_GEORGIA::LEADER_TAMAR, CIVILIZATION_AMERICA::LEADER_T_ROOSEVELT, CIVILIZATION_AMERICA::LEADER_T_ROOSEVELT_ROUGHRIDER, CIVILIZATION_BYZANTIUM::LEADER_THEODORA, CIVILIZATION_JAPAN::LEADER_TOKUGAWA, CIVILIZATION_SCYTHIA::LEADER_TOMYRIS, CIVILIZATION_ROME::LEADER_TRAJAN, CIVILIZATION_ENGLAND::LEADER_VICTORIA, CIVILIZATION_ENGLAND::LEADER_VICTORIA_ALT, CIVILIZATION_CANADA::LEADER_LAURIER, CIVILIZATION_NETHERLANDS::LEADER_WILHELMINA, CIVILIZATION_CHINA::LEADER_WU_ZETIAN, CIVILIZATION_CHINA::LEADER_YONGLE, 
[2280549.732] Attempting to find a distinct civilization for the player
[2280549.732] Player 0 is now using leader LEADER_SEJONG.
[2280549.732] Resolving random leader for player 1
[2280549.733] Possible Values: CIVILIZATION_AMERICA::LEADER_ABRAHAM_LINCOLN, CIVILIZATION_MACEDON::LEADER_ALEXANDER, CIVILIZATION_NUBIA::LEADER_AMANITORE, CIVILIZATION_GAUL::LEADER_AMBIORIX, CIVILIZATION_VIETNAM::LEADER_LADY_TRIEU, CIVILIZATION_BYZANTIUM::LEADER_BASIL, CIVILIZATION_FRANCE::LEADER_CATHERINE_DE_MEDICI, CIVILIZATION_FRANCE::LEADER_CATHERINE_DE_MEDICI_ALT, CIVILIZATION_INDIA::LEADER_CHANDRAGUPTA, CIVILIZATION_EGYPT::LEADER_CLEOPATRA, CIVILIZATION_EGYPT::LEADER_CLEOPATRA_ALT, CIVILIZATION_PERSIA::LEADER_CYRUS, CIVILIZATION_PHOENICIA::LEADER_DIDO, CIVILIZATION_ENGLAND::LEADER_ELEANOR_ENGLAND, CIVILIZATION_FRANCE::LEADER_ELEANOR_FRANCE, CIVILIZATION_ENGLAND::LEADER_ELIZABETH, CIVILIZATION_GERMANY::LEADER_BARBAROSSA, CIVILIZATION_INDIA::LEADER_GANDHI, CIVILIZATION_MONGOLIA::LEADER_GENGHIS_KHAN, CIVILIZATION_SUMERIA::LEADER_GILGAMESH, CIVILIZATION_INDONESIA::LEADER_GITARJA, CIVILIZATION_GREECE::LEADER_GORGO, CIVILIZATION_BABYLON_STK::LEADER_HAMMURABI, CIVILIZATION_NORWAY::LEADER_HARDRADA, CIVILIZATION_NORWAY::LEADER_HARALD_ALT, CIVILIZATION_JAPAN::LEADER_HOJO, CIVILIZATION_POLAND::LEADER_JADWIGA, CIVILIZATION_KHMER::LEADER_JAYAVARMAN, CIVILIZATION_PORTUGAL::LEADER_JOAO_III, CIVILIZATION_AUSTRALIA::LEADER_JOHN_CURTIN, CIVILIZATION_SWEDEN::LEADER_KRISTINA, CIVILIZATION_CHINA::LEADER_KUBLAI_KHAN_CHINA, CIVILIZATION_MONGOLIA::LEADER_KUBLAI_KHAN_MONGOLIA, CIVILIZATION_MAORI::LEADER_KUPE, CIVILIZATION_MAYA::LEADER_LADY_SIX_SKY, CIVILIZATION_MAPUCHE::LEADER_LAUTARO, CIVILIZATION_GERMANY::LEADER_LUDWIG, CIVILIZATION_MALI::LEADER_MANSA_MUSA, CIVILIZATION_HUNGARY::LEADER_MATTHIAS_CORVINUS, CIVILIZATION_ETHIOPIA::LEADER_MENELIK, CIVILIZATION_AZTEC::LEADER_MONTEZUMA, CIVILIZATION_KONGO::LEADER_MVEMBA, CIVILIZATION_PERSIA::LEADER_NADER_SHAH, CIVILIZATION_KONGO::LEADER_NZINGA_MBANDE, CIVILIZATION_INCA::LEADER_PACHACUTI, CIVILIZATION_BRAZIL::LEADER_PEDRO, CIVILIZATION_GREECE::LEADER_PERICLES, CIVILIZATION_RUSSIA::LEADER_PETER_GREAT, CIVILIZATION_SPAIN::LEADER_PHILIP_II, CIVILIZATION_CREE::LEADER_POUNDMAKER, CIVILIZATION_CHINA::LEADER_QIN, CIVILIZATION_CHINA::LEADER_QIN_ALT, CIVILIZATION_EGYPT::LEADER_RAMSES, CIVILIZATION_SCOTLAND::LEADER_ROBERT_THE_BRUCE, CIVILIZATION_ARABIA::LEADER_SALADIN_ALT, CIVILIZATION_ARABIA::LEADER_SALADIN, CIVILIZATION_KOREA::LEADER_SEJONG, CIVILIZATION_KOREA::LEADER_SEONDEOK, CIVILIZATION_ZULU::LEADER_SHAKA, CIVILIZATION_GRAN_COLOMBIA::LEADER_SIMON_BOLIVAR, CIVILIZATION_OTTOMAN::LEADER_SULEIMAN, CIVILIZATION_OTTOMAN::LEADER_SULEIMAN_ALT, CIVILIZATION_MALI::LEADER_SUNDIATA_KEITA, CIVILIZATION_GEORGIA::LEADER_TAMAR, CIVILIZATION_AMERICA::LEADER_T_ROOSEVELT, CIVILIZATION_AMERICA::LEADER_T_ROOSEVELT_ROUGHRIDER, CIVILIZATION_BYZANTIUM::LEADER_THEODORA, CIVILIZATION_JAPAN::LEADER_TOKUGAWA, CIVILIZATION_SCYTHIA::LEADER_TOMYRIS, CIVILIZATION_ROME::LEADER_TRAJAN, CIVILIZATION_ENGLAND::LEADER_VICTORIA, CIVILIZATION_ENGLAND::LEADER_VICTORIA_ALT, CIVILIZATION_CANADA::LEADER_LAURIER, CIVILIZATION_NETHERLANDS::LEADER_WILHELMINA, CIVILIZATION_CHINA::LEADER_WU_ZETIAN, CIVILIZATION_CHINA::LEADER_YONGLE, 
[2280549.733] Attempting to find a distinct civilization for the player
[2280549.733] Leader already used: Player 0 - LEADER_SEJONG
[2280549.733] Civilization already used: Player 0 - CIVILIZATION_KOREA
[2280549.733] Player 1 is now using leader LEADER_TAMAR.
[2280549.733] Success!
[2280549.733] New Civ/Leader State:
[2280549.733] Player 0: Civilization - CIVILIZATION_KOREA (-1750671788)  Leader - LEADER_SEJONG (-1168870679), - Level - CIVILIZATION_LEVEL_FULL_CIV, SlotStatus - Human
[2280549.733] Player 1: Civilization - CIVILIZATION_GEORGIA (-1462469414)  Leader - LEADER_TAMAR (919322800), - Level - CIVILIZATION_LEVEL_FULL_CIV, SlotStatus - AI
[2280549.734] Resolving Random City States for Game.
[2280549.734] Adding 3 City-States to the game.
[2280550.406] Initializing player from config:
[2280550.406] Player 0: Civilization - CIVILIZATION_KOREA (-1750671788)  Leader - LEADER_SEJONG (-1168870679), - Level - CIVILIZATION_LEVEL_FULL_CIV, SlotStatus - Human
[2280550.406] Player 1: Civilization - CIVILIZATION_GEORGIA (-1462469414)  Leader - LEADER_TAMAR (919322800), - Level - CIVILIZATION_LEVEL_FULL_CIV, SlotStatus - AI
[2280550.406] Player 2: Civilization - CIVILIZATION_GENEVA (1333065310)  Leader - LEADER_MINOR_CIV_GENEVA (-459921409), - Level - CIVILIZATION_LEVEL_CITY_STATE, SlotStatus - AI
[2280550.406] Player 3: Civilization - CIVILIZATION_KUMASI (1044830946)  Leader - LEADER_MINOR_CIV_KUMASI (-1784411325), - Level - CIVILIZATION_LEVEL_CITY_STATE, SlotStatus - AI
[2280550.406] Player 4: Civilization - CIVILIZATION_SAMARKAND (1486746550)  Leader - LEADER_MINOR_CIV_SAMARKAND (1442886464), - Level - CIVILIZATION_LEVEL_CITY_STATE, SlotStatus - AI
[2280550.406] Player 62: Civilization - CIVILIZATION_FREE_CITIES (1332034383)  Leader - LEADER_FREE_CITIES (-1907075578), - Level - CIVILIZATION_LEVEL_FREE_CITIES, SlotStatus - AI
[2280550.406] Player 63: Civilization - CIVILIZATION_BARBARIAN (-1758762461)  Leader - (null) (0), - Level - CIVILIZATION_LEVEL_TRIBE, SlotStatus - AI
[2280550.641] Pathfinder Allocation, rows 26, columns 44, column buffer 352, row buffer 2288, total 100672
[2280550.641] Pathfinder Allocation, rows 26, columns 44, column buffer 352, row buffer 2288, total 100672
[2280550.641] Pathfinder Allocation, rows 26, columns 44, column buffer 352, row buffer 2288, total 100672
[2280550.641] Pathfinder Allocation, rows 26, columns 44, column buffer 352, row buffer 2288, total 100672
[2280550.641] Pathfinder Allocation, rows 26, columns 44, column buffer 352, row buffer 2288, total 100672
[2280550.641] Pathfinder Allocation, rows 26, columns 44, column buffer 352, row buffer 2288, total 100672
[2280550.641] Pathfinder Allocation, rows 26, columns 44, column buffer 352, row buffer 2288, total 100672
[2280550.641] Pathfinder Allocation, rows 26, columns 44, column buffer 352, row buffer 2288, total 100672
[2280550.641] Pathfinder Allocation, rows 26, columns 44, column buffer 352, row buffer 2288, total 100672
[2280551.244] Common Class Sizes:
[2280551.244] Unit::Instance, size = 3368
[2280551.244] Unit::GreatPerson, size = 24
[2280551.244] Unit::Archaeology, size = 48
[2280551.244] Unit::Espionage, size = 136
[2280551.244] Unit::Experience, size = 80
[2280551.244] Unit::Trade, size = 48
[2280551.244] Unit::Religion, size = 96
[2280551.244] Unit::RockBand, size = 208
[2280551.244] Unit::HealthModifiers, size = 16
[2280551.244] Unit::HealthReligionModifiers, size = 16
[2280551.244] Unit::CombatModifiers, size = 132
[2280551.244] Unit::MovementModifiers, size = 28
[2280551.244] Unit::SightModifiers, size = 8
[2280551.244] Unit::AttackRangeModifiers, size = 4
[2280551.244] Cache::Unit::Instance, size = 496
[2280551.244] Player::Instance, size = 2128
[2280551.244] Map::Plot::Instance, size = 80
[2280551.244] Cache::Map::Plot::Instance, size = 96
[2280551.244] Player::Trade, size = 2144
[2280551.244] Player::Techs, size = 488
[2280551.244] Player::Stats, size = 3648
[2280551.244] Player::Treasury, size = 472
[2280551.244] Trade::Vertex, size = 12
[2280551.244] Trade::Edge, size = 528
[2280551.244] Trade::Route, size = 112
[2280551.244] Trade::Graph, size = 344
