[2024-02-08 19:54:19]	Renderer::EnumDisplayAdapters(): Available device: NVIDIA GeForce RTX 4070 Ti (DeviceID = 2782 SubsysID = 88a31043 Revision= a1 Caps = 10)
[2024-02-08 19:54:19]	Renderer::EnumDisplayAdapters(): Available device: Microsoft Basic Render Driver (DeviceID = 8c SubsysID = 0 Revision= 0 Caps = 10)
[2024-02-08 19:54:19]	Renderer::CreateAdapter(): Selected DXGI adapter corresponding to device index 0.
[2024-02-08 19:54:20]	Renderer::EnumDisplayAdapters(): Available device: NVIDIA GeForce RTX 4070 Ti (DeviceID = 2782 SubsysID = 88a31043 Revision= a1 Caps = 10)
[2024-02-08 19:54:20]	Renderer::CreateD3DDevice(): Creating D3D device.
[2024-02-08 19:54:26]	AppHost::UpdateMonitorInfo(): Monitor information:
	MONITORINFO.rcMonitor = (left: 0, top: 0, right: 2560, bottom: 1440)
	MONITORINFO.rcWork = (left: 0, top: 0, right: 2560, bottom: 1392)
	MONITORINFO.dwFlags = MONITORINFOF_PRIMARY
[2024-02-08 19:54:26]	Renderer::Startup(): Called with
	Device Index = 0
	Backbuffer Format = 87
	Resolution = (2560 x 1440)
	RefreshRateInHz = 60
	WindowMode = Windowed
	VSync = 1
	Threading Mode = 0.
[2024-02-08 19:54:26]	Renderer::SetScreenMode(): Called with
	Resolution = (2560 x 1440)
	RefreshRate = (60 / 1)
	ScreenMode = Windowed.
[2024-02-08 19:54:26]	Renderer::CreateDefaultSwapChain(): Creating a new swap chain with Resolution = (2560 x 1440) RefreshRate = (60 / 1).
[2024-02-08 19:54:26]	*** Renderer::SetScreenMode(): Returning success.
[2024-02-08 19:54:26]	Selected GPU device:
    Device: NVIDIA GeForce RTX 4070 Ti
    DeviceID: 2782
    SubsystemId: 88a31043
    RevisionId: a1
    Threadmode: 1
    CB rebase: 1
    Driver Version: DriverVersionNotQueriedDueToGeForceExperienceBug
    DedicatedVidMem: 3988783104
    DedicatedSysMem: 0
[2024-02-08 19:54:26]	Physical system memory size: 16.00GB
[2024-02-08 19:54:26]	Logical processor count: 12
[2024-02-08 19:54:26]	Physical processor count: 6
[2024-02-08 19:54:26]	IsLaptopOrTablet: 0
[2024-02-08 19:54:26]	TBB build.

[2024-02-08 19:54:30]	Growing UpdateSubresource invocations
[2024-02-08 19:54:39]	Received Renderer::AppDeactivated
[2024-02-08 19:54:53]	Growing UpdateSubresource invocations
[2024-02-08 19:54:53]	Growing UpdateSubresource invocations
[2024-02-08 19:55:08]	Received Renderer::AppActivated
[2024-02-08 19:56:00]	Received Renderer::AppDeactivated
[2024-02-08 19:56:07]	Received Renderer::AppActivated
[2024-02-08 19:57:00]	Received Renderer::AppDeactivated
[2024-02-08 19:57:02]	Received Renderer::AppActivated
[2024-02-08 19:57:12]	Received Renderer::AppDeactivated
[2024-02-08 19:58:14]	Received Renderer::AppActivated
[2024-02-08 19:58:36]	Growing UpdateSubresource invocations
[2024-02-08 19:58:55]	Received Renderer::AppDeactivated
[2024-02-08 20:05:56]	Received Renderer::AppActivated
[2024-02-08 20:06:06]	Renderer::ReleaseDefaultSwapChain() : Releasing the implicit swap chain
[2024-02-08 20:06:07]	Renderer::ReleaseAdapterAndDevice(): Released D3D device with RefCount = 0.
[2024-02-08 20:06:07]	Renderer::ReleaseAdapterAndDevice(): Released DXGI adapter with RefCount = 0.
