[2024-02-08 19:54:19]	Civ6App::InitialInit start.
[2024-02-08 19:54:19]	Game Version = 1.0.12.58 (970508)
[2024-02-08 19:54:19]	Running App::EOS::SetupService() ...
[2024-02-08 19:54:19]	EOSSystemEventHandler Startup
[2024-02-08 19:54:19]	Running SetupReflectionTypeInfo() ...
[2024-02-08 19:54:19]	Running SetupErrorHandling() ...
[2024-02-08 19:54:19]	Running DoGraphicsDeviceSelection() ...
[2024-02-08 19:54:19]	Selected graphics device is: NVIDIA GeForce RTX 4070 Ti.  Device ID: 10114.  Index: 0
[2024-02-08 19:54:20]	Unable to determine Graphics Performance Level. Defaulting graphics settings to medium.
[2024-02-08 19:54:20]	Running RegisterEvents() ...
[2024-02-08 19:54:20]	Running SetupNetworkLobbyService() ...
[2024-02-08 19:54:20]	SetupNetworkLobbyService()
[2024-02-08 19:54:20]	Running SetupMemoryTracker() ...
[2024-02-08 19:54:20]	Running SetupFileSystem() ...
[2024-02-08 19:54:20]	Running SetupLogging() ...
[2024-02-08 19:54:20]	Running SetupDedicatedServer() ...
[2024-02-08 19:54:20]	Running SetupNetwork() ...
[2024-02-08 19:54:20]	CommandLine = -steam_auto_login
[2024-02-08 19:54:20]	Running SetupChallenges() ...
[2024-02-08 19:54:20]	Running SetupDatabase() ...
[2024-02-08 19:54:24]	Running SetupLocalization() ...
[2024-02-08 19:54:24]	Running SetupContentPaths() ...
[2024-02-08 19:54:25]	Running SetupOwnership() ...
[2024-02-08 19:54:26]	Running GameCore::InitializeApplicationSupport() ...
[2024-02-08 19:54:26]	Game Core Thread Count = 3.
[2024-02-08 19:54:26]	Game Core Unit Pathing Thread Count = 3.
[2024-02-08 19:54:26]	Game Core Trade Pathing Thread Count = 3.
[2024-02-08 19:54:26]	Civ6App::InitialInit end.
[2024-02-08 19:54:26]	Civ6App::GUIInit start.
[2024-02-08 19:54:26]	Running SetupGraphics() ...
[2024-02-08 19:54:26]	Running SetupArtManager() ...
[2024-02-08 19:54:26]	Running SetupUI() ...
[2024-02-08 19:54:30]	Running SubscribeToEvents() ...
[2024-02-08 19:54:30]	Running SetupGameStates() ...
[2024-02-08 19:54:30]	Running SetupInput() ...
[2024-02-08 19:54:30]	Starting search engine.
[2024-02-08 19:54:30]	Setting up achievements.
[2024-02-08 19:54:30]	Setting up scripting.
[2024-02-08 19:54:30]	Setting up modding.
[2024-02-08 19:54:39]	Running SetupTuner() ...
[2024-02-08 19:54:39]	Setting up tuner.
[2024-02-08 19:54:39]	Spawning async init job.
[2024-02-08 19:54:39]	Civ6App::GUIInit end.
[2024-02-08 19:54:39]	Running SetupAudio(uiSystemInitFlags) ...
[2024-02-08 19:54:40]	Running Granny::Initialize() ...
[2024-02-08 19:54:40]	Running SetupBinarySerialization() ...
[2024-02-08 20:06:08]	EOSSystemEventHandler Shutdown
Max size of g_EventSystemSerial's publish queue = 36224
Max size of g_EventSystemGameCore's publish queue = 47376
Max size of g_EventSystemLocalMachine's publish queue = 768
