Game Turn, Mode, Player, Unit, Operation
Unit operation handler a92585ad, is disabled
Unit operation handler 6e290af6, is disabled
Unit operation handler 8c676517, is disabled
001, Adding, 0, UNIT_SETTLER (65536), UNITOPERATION_MOVE_TO (19)
001, Adding, 0, UNIT_BUILDER (196610), UNITOPERATION_MOVE_TO (19)
001, Adding, 0, UNIT_WARRIOR (131073), UNITOPERATION_MOVE_TO (19)
001, Adding, 1, UNIT_SETTLER (65536), UNITOPERATION_MOVE_TO (19)
001, Can't Start, 1, UNIT_SETTLER (65536), UNITOPERATION_MOVE_TO (19)
001, Adding, 1, UNIT_SETTLER (65536), UNITOPERATION_FOUND_CITY (14)
001, Adding, 1, UNIT_WARRIOR (131073), UNITOPERATION_MOVE_TO (19)
001, Adding, 1, UNIT_WARRIOR (131073), UNITOPERATION_SKIP_TURN (36)
001, Adding, 1, UNIT_BUILDER (196610), UNITOPERATION_SKIP_TURN (36)
001, Adding, 2, UNIT_SETTLER (65536), UNITOPERATION_FOUND_CITY (14)
001, Adding, 2, UNIT_WARRIOR (131073), UNITOPERATION_SKIP_TURN (36)
001, Adding, 2, UNIT_WARRIOR (196610), UNITOPERATION_SKIP_TURN (36)
001, Adding, 3, UNIT_SETTLER (65536), UNITOPERATION_FOUND_CITY (14)
001, Adding, 3, UNIT_WARRIOR (131073), UNITOPERATION_SKIP_TURN (36)
001, Adding, 3, UNIT_WARRIOR (196610), UNITOPERATION_SKIP_TURN (36)
001, Adding, 4, UNIT_SETTLER (65536), UNITOPERATION_FOUND_CITY (14)
001, Adding, 4, UNIT_WARRIOR (131073), UNITOPERATION_SKIP_TURN (36)
001, Adding, 4, UNIT_WARRIOR (196610), UNITOPERATION_SKIP_TURN (36)
