ForgeUI started up!
START ContextBase::Initialize() id: ''		parent: 'NULL'		Context: 'NULL'
END   ContextBase::Initialize() id: 'TutorialOverlay'
START ContextBase::Initialize() id: ''		parent: 'NULL'		Context: 'NULL'
END   ContextBase::Initialize() id: 'ToolTips'
START ContextBase::Initialize() id: ''		parent: 'NULL'		Context: 'NULL'
END   ContextBase::Initialize() id: 'DebugPanel'
START ContextBase::Initialize() id: ''		parent: 'NULL'		Context: 'NULL'
END   ContextBase::Initialize() id: 'IntroScreen'
START ContextBase::Initialize() id: ''		parent: 'NULL'		Context: 'NULL'
START  LuaContext::Initialize() id: 'DebugHotloadCache'		parent: 'DebugContext'		Context: 'DebugContext'
DebugHotloadCache: register time: 0.192295
DebugHotloadCache: ControlBase::Initialize time: 0.000003
LOADING ../../../Base/Assets/UI/DebugHotloadCache.lua	Load time: 0.016753
END    LuaContext::Initialize() id: 'DebugHotloadCache'
END   ContextBase::Initialize() id: 'DebugContext'
START ContextBase::Initialize() id: ''		parent: 'NULL'		Context: 'NULL'
END   ContextBase::Initialize() id: 'DebugViewer'
START ContextBase::Initialize() id: ''		parent: 'NULL'		Context: 'NULL'
START  LuaContext::Initialize() id: 'Intro'		parent: 'StartupScreen'		Context: 'StartupScreen'
IntroScreen: register time: 0.004473
IntroScreen: ControlBase::Initialize time: 0.000923
LOADING ../../../Base/Assets/UI/FrontEnd/IntroScreen.lua	Load time: 0.189224
END    LuaContext::Initialize() id: 'Intro'
END   ContextBase::Initialize() id: 'StartupScreen'
START  LuaContext::Initialize() id: ''		parent: 'NULL'		Context: 'NULL'
FrontEnd: register time: 0.000373
START  LuaContext::Initialize() id: 'MainMenu'		parent: 'FrontEndContainer'		Context: 'FrontEnd'
MainMenu: register time: 0.000337
START  LuaContext::Initialize() id: 'Options'		parent: 'MainMenu'		Context: 'MainMenu'
Options: register time: 0.000349
Options: ControlBase::Initialize time: 0.005477
LOADING ../../../Base/Assets/UI/Options.lua	Load time: 0.988788
END    LuaContext::Initialize() id: 'Options'
START  LuaContext::Initialize() id: 'ModsContext'		parent: 'MainMenu'		Context: 'MainMenu'
START  LuaContext::Initialize() id: 'AdvancedSetup'		parent: 'MainMenu'		Context: 'MainMenu'
START  LuaContext::Initialize() id: 'ScenarioSetup'		parent: 'MainMenu'		Context: 'MainMenu'
START  LuaContext::Initialize() id: 'CreditsScreen'		parent: 'MainMenu'		Context: 'MainMenu'
CreditsScreen: register time: 0.000327
CreditsScreen: ControlBase::Initialize time: 0.000089
LOADING ../../../Base/Assets/UI/FrontEnd/CreditsScreen.lua	Load time: 0.019578
END    LuaContext::Initialize() id: 'CreditsScreen'
START  LuaContext::Initialize() id: 'My2K'		parent: 'MainMenu'		Context: 'MainMenu'
My2K: register time: 0.000305
My2K: ControlBase::Initialize time: 0.000002
LOADING ../../../Base/Assets/UI/FiraxisLive/My2K.lua	Load time: 0.204657
END    LuaContext::Initialize() id: 'My2K'
START  LuaContext::Initialize() id: 'WorldBuilder'		parent: 'MainMenu'		Context: 'MainMenu'
START  LuaContext::Initialize() id: 'HallofFame'		parent: 'MainMenu'		Context: 'MainMenu'
START  LuaContext::Initialize() id: 'TutorialSetup'		parent: 'MainMenu'		Context: 'MainMenu'
START  LuaContext::Initialize() id: 'Lobby'		parent: 'MainMenu'		Context: 'MainMenu'
Lobby: register time: 0.001466
START  LuaContext::Initialize() id: 'LoadGameMenu'		parent: 'Lobby'		Context: 'Lobby'
LoadGameMenu: register time: 0.001477
LoadGameMenu: ControlBase::Initialize time: 0.534228
LOADING ../../../Base/Assets/UI/FrontEnd/LoadGameMenu.lua	Load time: 0.155486
END    LuaContext::Initialize() id: 'LoadGameMenu'
START  LuaContext::Initialize() id: 'PBCNotifyRemind'		parent: 'Lobby'		Context: 'Lobby'
PBCNotifyRemind: register time: 0.001255
PBCNotifyRemind: ControlBase::Initialize time: 0.001294
LOADING ../../../Base/Assets/UI/FrontEnd/Multiplayer/PBCNotifyRemind.lua	Load time: 0.021181
END    LuaContext::Initialize() id: 'PBCNotifyRemind'
Lobby: ControlBase::Initialize time: 1.497222
LOADING ../../../Base/Assets/UI/FrontEnd/Multiplayer/Lobby.lua	Load time: 0.060771
END    LuaContext::Initialize() id: 'Lobby'
START  LuaContext::Initialize() id: 'HostGame'		parent: 'MainMenu'		Context: 'MainMenu'
HostGame: register time: 0.000599
START  LuaContext::Initialize() id: 'ModsMenu'		parent: 'HostGame'		Context: 'HostGame'
Mods: register time: 0.000676
Mods: ControlBase::Initialize time: 0.001032
LOADING ../../../Base/Assets/UI/FrontEnd/Mods.lua	Load time: 0.020364
END    LuaContext::Initialize() id: 'ModsMenu'
START  LuaContext::Initialize() id: 'LoadGameMenu'		parent: 'HostGame'		Context: 'HostGame'
LoadGameMenu: register time: 0.000862
LoadGameMenu: ControlBase::Initialize time: 0.000281
LOADING ../../../Base/Assets/UI/FrontEnd/LoadGameMenu.lua	Load time: 0.013446
END    LuaContext::Initialize() id: 'LoadGameMenu'
START  LuaContext::Initialize() id: 'SaveGameMenu'		parent: 'HostGame'		Context: 'HostGame'
SaveGameMenu: register time: 0.000464
SaveGameMenu: ControlBase::Initialize time: 0.000495
LOADING ../../../Base/Assets/UI/Menus/SaveGameMenu.lua	Load time: 0.012650
END    LuaContext::Initialize() id: 'SaveGameMenu'
START  LuaContext::Initialize() id: 'MultiSelectWindow'		parent: 'HostGame'		Context: 'HostGame'
MultiSelectWindow: register time: 0.000438
MultiSelectWindow: ControlBase::Initialize time: 0.000134
LOADING ../../../Base/Assets/UI/FrontEnd/MultiSelectWindow.lua	Load time: 0.020504
END    LuaContext::Initialize() id: 'MultiSelectWindow'
START  LuaContext::Initialize() id: 'CityStatePicker'		parent: 'HostGame'		Context: 'HostGame'
CityStatePicker: register time: 0.000547
CityStatePicker: ControlBase::Initialize time: 0.000537
LOADING ../../../Base/Assets/UI/FrontEnd/CityStatePicker.lua	Load time: 0.038471
END    LuaContext::Initialize() id: 'CityStatePicker'
START  LuaContext::Initialize() id: 'LeaderPicker'		parent: 'HostGame'		Context: 'HostGame'
LeaderPicker: register time: 0.000562
LeaderPicker: ControlBase::Initialize time: 0.000193
LOADING ../../../Base/Assets/UI/FrontEnd/LeaderPicker.lua	Load time: 0.045779
END    LuaContext::Initialize() id: 'LeaderPicker'
HostGame: ControlBase::Initialize time: 2.335511
LOADING ../../../Base/Assets/UI/FrontEnd/Multiplayer/HostGame.lua	Load time: 0.063619
END    LuaContext::Initialize() id: 'HostGame'
START  LuaContext::Initialize() id: 'StagingRoom'		parent: 'MainMenu'		Context: 'MainMenu'
StagingRoom: register time: 0.000442
START  LuaContext::Initialize() id: 'ConfirmKick'		parent: 'StagingRoom'		Context: 'StagingRoom'
ConfirmKick: register time: 0.000354
ConfirmKick: ControlBase::Initialize time: 0.000032
LOADING ../../../Base/Assets/UI/FrontEnd/Multiplayer/ConfirmKick.lua	Load time: 0.023548
END    LuaContext::Initialize() id: 'ConfirmKick'
START  LuaContext::Initialize() id: 'EditHotseatPlayer'		parent: 'StagingRoom'		Context: 'StagingRoom'
EditHotseatPlayer: register time: 0.000379
EditHotseatPlayer: ControlBase::Initialize time: 0.000310
LOADING ../../../Base/Assets/UI/FrontEnd/Multiplayer/EditHotseatPlayer.lua	Load time: 0.015448
END    LuaContext::Initialize() id: 'EditHotseatPlayer'
StagingRoom: ControlBase::Initialize time: 0.071442
LOADING ../../../Base/Assets/UI/FrontEnd/Multiplayer/StagingRoom.lua	Load time: 0.104399
END    LuaContext::Initialize() id: 'StagingRoom'
START  LuaContext::Initialize() id: 'LoadGameMenu'		parent: 'MainMenu'		Context: 'MainMenu'
LoadGameMenu: register time: 0.000966
LoadGameMenu: ControlBase::Initialize time: 0.000283
LOADING ../../../Base/Assets/UI/FrontEnd/LoadGameMenu.lua	Load time: 0.017766
END    LuaContext::Initialize() id: 'LoadGameMenu'
START  LuaContext::Initialize() id: 'SaveGameMenu'		parent: 'MainMenu'		Context: 'MainMenu'
SaveGameMenu: register time: 0.001705
SaveGameMenu: ControlBase::Initialize time: 0.000383
LOADING ../../../Base/Assets/UI/Menus/SaveGameMenu.lua	Load time: 0.007493
END    LuaContext::Initialize() id: 'SaveGameMenu'
START  LuaContext::Initialize() id: 'FrontEndPopup'		parent: 'MainMenu'		Context: 'MainMenu'
FrontEndPopup: register time: 0.000468
FrontEndPopup: ControlBase::Initialize time: 0.000023
LOADING ../../../Base/Assets/UI/FrontEnd/FrontEndPopup.lua	Load time: 0.013520
END    LuaContext::Initialize() id: 'FrontEndPopup'
START  LuaContext::Initialize() id: 'CivRoyaleIntro'		parent: 'MainMenu'		Context: 'MainMenu'
CivRoyaleIntro: register time: 0.000671
CivRoyaleIntro: ControlBase::Initialize time: 0.000088
LOADING ../../../Base/Assets/UI/FrontEnd/Multiplayer/CivRoyaleIntro.lua	Load time: 0.026302
END    LuaContext::Initialize() id: 'CivRoyaleIntro'
START  LuaContext::Initialize() id: 'PiratesIntro'		parent: 'MainMenu'		Context: 'MainMenu'
PiratesIntro: register time: 0.000866
PiratesIntro: ControlBase::Initialize time: 0.000070
LOADING ../../../Base/Assets/UI/FrontEnd/Multiplayer/PiratesIntro.lua	Load time: 0.016278
END    LuaContext::Initialize() id: 'PiratesIntro'
START  LuaContext::Initialize() id: 'CrossPlay'		parent: 'MainMenu'		Context: 'MainMenu'
CrossPlayLogin: register time: 0.000621
CrossPlayLogin: ControlBase::Initialize time: 0.000005
LOADING ../../../Base/Assets/UI/FrontEnd/Multiplayer/CrossPlayLogin.lua	Load time: 0.025653
END    LuaContext::Initialize() id: 'CrossPlay'
MainMenu: ControlBase::Initialize time: 6.875708
LOADING ../../../Base/Assets/UI/FrontEnd/MainMenu.lua	Load time: 0.685618
END    LuaContext::Initialize() id: 'MainMenu'
START  LuaContext::Initialize() id: 'StartingGame'		parent: 'FrontEndContainer'		Context: 'FrontEnd'
StateTransition: register time: 0.001347
StateTransition: ControlBase::Initialize time: 0.000232
LOADING ../../../Base/Assets/UI/FrontEnd/StateTransition.lua	Load time: 0.191788
END    LuaContext::Initialize() id: 'StartingGame'
START  LuaContext::Initialize() id: 'JoiningRoom'		parent: 'FrontEndContainer'		Context: 'FrontEnd'
JoiningRoom: register time: 0.001254
JoiningRoom: ControlBase::Initialize time: 0.000319
LOADING ../../../Base/Assets/UI/FrontEnd/Multiplayer/JoiningRoom.lua	Load time: 0.116264
END    LuaContext::Initialize() id: 'JoiningRoom'
START  LuaContext::Initialize() id: 'UserSetupWarning'		parent: 'FrontEndContainer'		Context: 'FrontEnd'
UserSetupWarning: register time: 0.000652
UserSetupWarning: ControlBase::Initialize time: 0.000053
LOADING ../../../Base/Assets/UI/FrontEnd/UserSetupWarning.lua	Load time: 0.387857
END    LuaContext::Initialize() id: 'UserSetupWarning'
START  LuaContext::Initialize() id: 'SwitchLayoutPopup'		parent: 'FrontEndContainer'		Context: 'FrontEnd'
SwitchLayoutPopup: register time: 0.005644
SwitchLayoutPopup: ControlBase::Initialize time: 0.000104
LOADING ../../../Base/Assets/UI/Popups/SwitchLayoutPopup.lua	Load time: 0.008317
END    LuaContext::Initialize() id: 'SwitchLayoutPopup'
START  LuaContext::Initialize() id: 'Test'		parent: ''		Context: 'FrontEnd'
Test: register time: 0.001144
Test: ControlBase::Initialize time: 0.000003
LOADING ../../../Base/Assets/UI/Test.lua	Load time: 0.062826
END    LuaContext::Initialize() id: 'Test'
FrontEnd: ControlBase::Initialize time: 9.291308
LOADING ../../../Base/Assets/UI/FrontEnd/FrontEnd.lua	Load time: 0.023393
END    LuaContext::Initialize() id: 'FrontEnd'
START  LuaContext::Initialize() id: ''		parent: 'FrontEnd'		Context: 'FrontEnd'
InvitePopup: register time: 0.000739
InvitePopup: ControlBase::Initialize time: 0.000033
LOADING ../../../Base/Assets/UI/Popups/InvitePopup.lua	Load time: 0.003863
END    LuaContext::Initialize() id: 'InvitePopup'
START  LuaContext::Initialize() id: 'AdvancedSetup'		parent: 'MainMenu'		Context: 'MainMenu'
AdvancedSetup: register time: 0.001272
START  LuaContext::Initialize() id: 'MapSelectWindow'		parent: 'MainWindow'		Context: 'AdvancedSetup'
MapSelect: register time: 0.000981
MapSelect: ControlBase::Initialize time: 0.000309
LOADING ../../../Base/Assets/UI/FrontEnd/MapSelect.lua	Load time: 0.021326
END    LuaContext::Initialize() id: 'MapSelectWindow'
START  LuaContext::Initialize() id: 'MultiSelectWindow'		parent: 'MainWindow'		Context: 'AdvancedSetup'
MultiSelectWindow: register time: 0.000808
MultiSelectWindow: ControlBase::Initialize time: 0.000135
LOADING ../../../Base/Assets/UI/FrontEnd/MultiSelectWindow.lua	Load time: 0.001508
END    LuaContext::Initialize() id: 'MultiSelectWindow'
START  LuaContext::Initialize() id: 'CityStatePicker'		parent: 'MainWindow'		Context: 'AdvancedSetup'
CityStatePicker: register time: 0.000807
CityStatePicker: ControlBase::Initialize time: 0.000266
LOADING ../../../Base/Assets/UI/FrontEnd/CityStatePicker.lua	Load time: 0.019806
END    LuaContext::Initialize() id: 'CityStatePicker'
START  LuaContext::Initialize() id: 'LeaderPicker'		parent: 'MainWindow'		Context: 'AdvancedSetup'
LeaderPicker: register time: 0.000958
LeaderPicker: ControlBase::Initialize time: 0.000192
LOADING ../../../Base/Assets/UI/FrontEnd/LeaderPicker.lua	Load time: 0.019217
END    LuaContext::Initialize() id: 'LeaderPicker'
AdvancedSetup: ControlBase::Initialize time: 0.158108
LOADING ../../../Base/Assets/UI/FrontEnd/AdvancedSetup.lua	Load time: 0.056454
END    LuaContext::Initialize() id: 'AdvancedSetup'
START ContextBase::Initialize() id: ''		parent: 'NULL'		Context: 'NULL'
END   ContextBase::Initialize() id: 'ToolTips'
START  LuaContext::Initialize() id: ''		parent: 'NULL'		Context: 'NULL'
LoadScreen: register time: 0.000366
LoadScreen: ControlBase::Initialize time: 0.000641
LOADING ../../../Base/Assets/UI/FrontEnd/LoadScreen.lua	Load time: 0.037435
END    LuaContext::Initialize() id: 'LoadScreen'
START ContextBase::Initialize() id: ''		parent: 'NULL'		Context: 'NULL'
END   ContextBase::Initialize() id: 'ToolTips'
START  LuaContext::Initialize() id: ''		parent: 'NULL'		Context: 'NULL'
InGame: register time: 0.001017
START  LuaContext::Initialize() id: 'WorldInput'		parent: 'Core'		Context: 'InGame'
WorldInput: register time: 0.000971
WorldInput: ControlBase::Initialize time: 0.000235
LOADING ../../../DLC/Expansion2/UI/Replacements/WorldInput_Expansion2.lua	Load time: 0.225425
END    LuaContext::Initialize() id: 'WorldInput'
START  LuaContext::Initialize() id: 'StrategicView'		parent: 'Core'		Context: 'InGame'
StrategicView: register time: 0.001054
StrategicView: ControlBase::Initialize time: 0.000001
LOADING ../../../Base/Assets/UI/StrategicView.lua	Load time: 0.000473
END    LuaContext::Initialize() id: 'StrategicView'
START  LuaContext::Initialize() id: 'ARXManager'		parent: 'Core'		Context: 'InGame'
ARXManager: register time: 0.001014
ARXManager: ControlBase::Initialize time: 0.000002
LOADING ../../../DLC/Expansion2/UI/Replacements/ARXManager_Expansion2.lua	Load time: 0.021453
END    LuaContext::Initialize() id: 'ARXManager'
START  LuaContext::Initialize() id: 'MapLabelManager'		parent: 'WorldViewControls'		Context: 'InGame'
MapLabelManager: register time: 0.001318
MapLabelManager: ControlBase::Initialize time: 0.000001
LOADING ../../../DLC/Expansion2/UI/Additions/MapLabelManager.lua	Load time: 0.048587
END    LuaContext::Initialize() id: 'MapLabelManager'
START  LuaContext::Initialize() id: 'WorldViewIconsManager'		parent: 'WorldViewControls'		Context: 'InGame'
WorldViewIconsManager: register time: 0.000964
WorldViewIconsManager: ControlBase::Initialize time: 0.000002
LOADING ../../../Base/Assets/UI/WorldViewIconsManager.lua	Load time: 0.009074
END    LuaContext::Initialize() id: 'WorldViewIconsManager'
START  LuaContext::Initialize() id: 'DistrictPlotIconManager'		parent: 'WorldViewControls'		Context: 'InGame'
DistrictPlotIconManager: register time: 0.001041
DistrictPlotIconManager: ControlBase::Initialize time: 0.000002
LOADING ../../../DLC/KublaiKhan_Vietnam/UI/Replacements/DistrictPlotIconManager_KublaiKhan_Vietnam.lua	Load time: 0.041030
END    LuaContext::Initialize() id: 'DistrictPlotIconManager'
START  LuaContext::Initialize() id: 'SettlerInfluenceIconManager'		parent: 'WorldViewControls'		Context: 'InGame'
SettlerInfluenceIconManager: register time: 0.004051
SettlerInfluenceIconManager: ControlBase::Initialize time: 0.000002
LOADING ../../../DLC/Expansion2/UI/Additions/SettlerInfluenceIconManager.lua	Load time: 0.015302
END    LuaContext::Initialize() id: 'SettlerInfluenceIconManager'
START  LuaContext::Initialize() id: 'PlotInfo'		parent: 'WorldViewControls'		Context: 'InGame'
PlotInfo: register time: 0.002936
PlotInfo: ControlBase::Initialize time: 0.000002
LOADING ../../../Base/Assets/UI/WorldView/PlotInfo.lua	Load time: 0.031627
END    LuaContext::Initialize() id: 'PlotInfo'
START  LuaContext::Initialize() id: 'CityBannerManager'		parent: 'BannerAndFlags'		Context: 'InGame'
CityBannerManager: register time: 0.001455
CityBannerManager: ControlBase::Initialize time: 0.000003
LOADING ../../../DLC/Expansion2/UI/CityBanners/CityBannerManager.lua	Load time: 0.054481
END    LuaContext::Initialize() id: 'CityBannerManager'
START  LuaContext::Initialize() id: 'UnitFlagManager'		parent: 'BannerAndFlags'		Context: 'InGame'
UnitFlagManager: register time: 0.000968
UnitFlagManager: ControlBase::Initialize time: 0.000003
LOADING ../../../Base/Assets/UI/UnitFlagManager.lua	Load time: 0.019277
END    LuaContext::Initialize() id: 'UnitFlagManager'
START  LuaContext::Initialize() id: 'TourismBannerManager'		parent: 'WorldViewControls'		Context: 'InGame'
TourismBannerManager: register time: 0.001036
TourismBannerManager: ControlBase::Initialize time: 0.000001
LOADING ../../../Base/Assets/UI/WorldView/TourismBannerManager.lua	Load time: 0.011231
END    LuaContext::Initialize() id: 'TourismBannerManager'
START  LuaContext::Initialize() id: 'MapPinManager'		parent: 'WorldViewControls'		Context: 'InGame'
MapPinManager: register time: 0.001164
MapPinManager: ControlBase::Initialize time: 0.000105
LOADING D:/Program Files (x86)/Steam/steamapps/workshop/content/289070/2428969051/ui/mappinmanager_dmt.lua	Load time: 0.053055
END    LuaContext::Initialize() id: 'MapPinManager'
START  LuaContext::Initialize() id: 'SelectedUnit'		parent: 'WorldViewControls'		Context: 'InGame'
SelectedUnit: register time: 0.001076
SelectedUnit: ControlBase::Initialize time: 0.000001
LOADING ../../../DLC/Expansion2/UI/Replacements/SelectedUnit_Expansion2.lua	Load time: 0.031895
END    LuaContext::Initialize() id: 'SelectedUnit'
START  LuaContext::Initialize() id: 'WorldViewPlotMessages'		parent: 'WorldViewControls'		Context: 'InGame'
WorldViewPlotMessages: register time: 0.001036
WorldViewPlotMessages: ControlBase::Initialize time: 0.000002
LOADING ../../../Base/Assets/UI/WorldViewPlotMessages.lua	Load time: 0.014598
END    LuaContext::Initialize() id: 'WorldViewPlotMessages'
START  LuaContext::Initialize() id: 'SettlerWarningIconManager'		parent: 'WorldViewControls'		Context: 'InGame'
SettlerWarningIconManager: register time: 0.001433
SettlerWarningIconManager: ControlBase::Initialize time: 0.000001
LOADING ../../../DLC/Expansion2/UI/Additions/SettlerWarningIconManager.lua	Load time: 0.010569
END    LuaContext::Initialize() id: 'SettlerWarningIconManager'
START  LuaContext::Initialize() id: 'PowerLensManager'		parent: 'WorldViewControls'		Context: 'InGame'
PowerLensManager: register time: 0.001225
PowerLensManager: ControlBase::Initialize time: 0.000002
LOADING ../../../DLC/Expansion2/UI/Additions/PowerLensManager.lua	Load time: 0.017844
END    LuaContext::Initialize() id: 'PowerLensManager'
START  LuaContext::Initialize() id: 'GenVFX'		parent: 'WorldViewControls'		Context: 'InGame'
GenVFX: register time: 0.001528
GenVFX: ControlBase::Initialize time: 0.000001
LOADING ../../../Base/Assets/UI/GenVFX.lua	Load time: 0.004291
END    LuaContext::Initialize() id: 'GenVFX'
START  LuaContext::Initialize() id: 'CameraManager'		parent: 'HUD'		Context: 'InGame'
CameraManager: register time: 0.001600
CameraManager: ControlBase::Initialize time: 0.000001
LOADING ../../../Base/Assets/UI/WorldView/CameraManager.lua	Load time: 0.008638
END    LuaContext::Initialize() id: 'CameraManager'
START  LuaContext::Initialize() id: 'PlotToolTip'		parent: 'HUD'		Context: 'InGame'
PlotToolTip: register time: 0.001535
PlotToolTip: ControlBase::Initialize time: 0.000029
LOADING ../../../DLC/Expansion2/UI/Replacements/PlotToolTip_Expansion2.lua	Load time: 0.026818
END    LuaContext::Initialize() id: 'PlotToolTip'
START  LuaContext::Initialize() id: 'StatusMessagePanel'		parent: 'HUD'		Context: 'InGame'
StatusMessagePanel: register time: 0.001557
StatusMessagePanel: ControlBase::Initialize time: 0.000005
LOADING ../../../Base/Assets/UI/Panels/StatusMessagePanel.lua	Load time: 0.025127
END    LuaContext::Initialize() id: 'StatusMessagePanel'
START  LuaContext::Initialize() id: 'NotificationPanel'		parent: 'HUD'		Context: 'InGame'
NotificationPanel: register time: 0.000888
NotificationPanel: ControlBase::Initialize time: 0.000020
LOADING ../../../Base/Assets/UI/Panels/NotificationPanel.lua	Load time: 0.035641
END    LuaContext::Initialize() id: 'NotificationPanel'
START  LuaContext::Initialize() id: 'WorldTracker'		parent: 'HUD'		Context: 'InGame'
WorldTracker: register time: 0.001022
START  LuaContext::Initialize() id: ''		parent: 'ChatPanelContainer'		Context: 'WorldTracker'
ChatPanel: register time: 0.001129
START  LuaContext::Initialize() id: 'ConfirmKick'		parent: ''		Context: ''
ConfirmKick: register time: 0.001202
ConfirmKick: ControlBase::Initialize time: 0.000035
LOADING ../../../Base/Assets/UI/FrontEnd/Multiplayer/ConfirmKick.lua	Load time: 0.003340
END    LuaContext::Initialize() id: 'ConfirmKick'
ChatPanel: ControlBase::Initialize time: 0.006185
LOADING ../../../Base/Assets/UI/Popups/ChatPanel.lua	Load time: 0.049224
END    LuaContext::Initialize() id: ''
START  LuaContext::Initialize() id: ''		parent: 'TutorialGoals'		Context: 'WorldTracker'
TutorialGoals: register time: 0.001286
TutorialGoals: ControlBase::Initialize time: 0.000110
LOADING ../../../Base/Assets/UI/TutorialGoals.lua	Load time: 0.018891
END    LuaContext::Initialize() id: 'TutorialGoals'
WorldTracker: ControlBase::Initialize time: 0.090579
LOADING ../../../DLC/Expansion2/UI/Replacements/WorldTracker_Expansion1.lua	Load time: 0.123129
START  LuaContext::Initialize() id: ''		parent: 'OtherContainer'		Context: 'NULL'
WorldCrisisTracker: register time: 0.001026
WorldCrisisTracker: ControlBase::Initialize time: 0.000033
LOADING ../../../DLC/Expansion2/UI/Additions/WorldCrisisTracker.lua	Load time: 0.010565
END    LuaContext::Initialize() id: ''
END    LuaContext::Initialize() id: 'WorldTracker'
START  LuaContext::Initialize() id: 'MinimapPanel'		parent: 'HUD'		Context: 'InGame'
MinimapPanel: register time: 0.001050
START  LuaContext::Initialize() id: ''		parent: 'MapPinListPanel'		Context: 'MinimapPanel'
MapPinListPanel: register time: 0.001358
MapPinListPanel: ControlBase::Initialize time: 0.000076
LOADING ../../../Base/Assets/UI/Popups/MapPinListPanel.lua	Load time: 0.007837
END    LuaContext::Initialize() id: ''
START  LuaContext::Initialize() id: ''		parent: 'MapSearchPanel'		Context: 'MinimapPanel'
MapSearchPanel: register time: 0.002757
MapSearchPanel: ControlBase::Initialize time: 0.000194
LOADING ../../../Base/Assets/UI/Popups/MapSearchPanel.lua	Load time: 0.009294
END    LuaContext::Initialize() id: ''
MinimapPanel: ControlBase::Initialize time: 0.065722
LOADING ../../../DLC/Expansion2/UI/Replacements/MinimapPanel_Expansion2.lua	Load time: 0.115577
END    LuaContext::Initialize() id: 'MinimapPanel'
START  LuaContext::Initialize() id: 'CityPanel'		parent: 'HUD'		Context: 'InGame'
CityPanel: register time: 0.003506
CityPanel: ControlBase::Initialize time: 0.001310
LOADING ../../../DLC/Expansion2/UI/Replacements/CityPanel_Expansion2.lua	Load time: 0.071147
END    LuaContext::Initialize() id: 'CityPanel'
START  LuaContext::Initialize() id: 'UnitPanel'		parent: 'HUD'		Context: 'InGame'
UnitPanel: register time: 0.003820
UnitPanel: ControlBase::Initialize time: 0.018179
LOADING ../../../DLC/Expansion2/UI/Replacements/UnitPanel_Expansion2.lua	Load time: 0.082155
END    LuaContext::Initialize() id: 'UnitPanel'
START  LuaContext::Initialize() id: 'ActionPanel'		parent: 'HUD'		Context: 'InGame'
ActionPanel: register time: 0.001957
ActionPanel: ControlBase::Initialize time: 0.000623
LOADING ../../../DLC/Expansion2/UI/Replacements/ActionPanel_Expansion2.lua	Load time: 0.043134
END    LuaContext::Initialize() id: 'ActionPanel'
START  LuaContext::Initialize() id: 'MultiplayerTurnManager'		parent: 'HUD'		Context: 'InGame'
MultiplayerTurnManager: register time: 0.001496
MultiplayerTurnManager: ControlBase::Initialize time: 0.000069
LOADING ../../../Base/Assets/UI/Panels/MultiplayerTurnManager.lua	Load time: 0.010138
END    LuaContext::Initialize() id: 'MultiplayerTurnManager'
START  LuaContext::Initialize() id: 'TopPanel'		parent: 'PartialScreens'		Context: 'InGame'
TopPanel: register time: 0.001610
TopPanel: ControlBase::Initialize time: 0.000477
LOADING ../../../DLC/Expansion2/UI/Replacements/TopPanel_Expansion2.lua	Load time: 0.029434
END    LuaContext::Initialize() id: 'TopPanel'
START  LuaContext::Initialize() id: 'DiplomacyRibbon'		parent: 'PartialScreens'		Context: 'InGame'
DiplomacyRibbon: register time: 0.001751
DiplomacyRibbon: ControlBase::Initialize time: 0.000158
LOADING ../../../DLC/Expansion2/UI/Replacements/DiplomacyRibbon_Expansion2.lua	Load time: 0.089964
END    LuaContext::Initialize() id: 'DiplomacyRibbon'
START  LuaContext::Initialize() id: 'CityStates'		parent: 'PartialScreens'		Context: 'InGame'
CityStates: register time: 0.002975
CityStates: ControlBase::Initialize time: 0.001080
LOADING ../../../DLC/Expansion2/UI/Replacements/CityStates_Expansion2.lua	Load time: 0.036807
END    LuaContext::Initialize() id: 'CityStates'
START  LuaContext::Initialize() id: 'EspionageOverview'		parent: 'PartialScreens'		Context: 'InGame'
EspionageOverview: register time: 0.001387
EspionageOverview: ControlBase::Initialize time: 0.000463
LOADING ../../../DLC/Expansion2/UI/Replacements/EspionageOverview_Expansion1.lua	Load time: 0.029019
END    LuaContext::Initialize() id: 'EspionageOverview'
START  LuaContext::Initialize() id: 'WorldRankings'		parent: 'PartialScreens'		Context: 'InGame'
WorldRankings: register time: 0.001355
WorldRankings: ControlBase::Initialize time: 0.000432
LOADING ../../../DLC/Expansion2/UI/Replacements/WorldRankings_Expansion2.lua	Load time: 0.034058
END    LuaContext::Initialize() id: 'WorldRankings'
START  LuaContext::Initialize() id: 'TradeOverview'		parent: 'PartialScreens'		Context: 'InGame'
TradeOverview: register time: 0.001132
TradeOverview: ControlBase::Initialize time: 0.000188
LOADING ../../../Base/Assets/UI/TradeOverview.lua	Load time: 0.018149
END    LuaContext::Initialize() id: 'TradeOverview'
START  LuaContext::Initialize() id: 'ReportsList'		parent: 'PartialScreens'		Context: 'InGame'
ReportsList: register time: 0.001221
ReportsList: ControlBase::Initialize time: 0.000049
LOADING ../../../Base/Assets/UI/PartialScreens/ReportsList.lua	Load time: 0.017735
END    LuaContext::Initialize() id: 'ReportsList'
START  LuaContext::Initialize() id: 'PartialScreenHooks'		parent: 'PartialScreens'		Context: 'InGame'
PartialScreenHooks: register time: 0.001133
PartialScreenHooks: ControlBase::Initialize time: 0.000093
LOADING ../../../DLC/Expansion2/UI/Replacements/PartialScreenHooks_Expansion2.lua	Load time: 0.020100
END    LuaContext::Initialize() id: 'PartialScreenHooks'
START  LuaContext::Initialize() id: 'ProductionManager'		parent: 'PartialScreens'		Context: 'InGame'
ProductionManager: register time: 0.001332
ProductionManager: ControlBase::Initialize time: 0.022217
LOADING ../../../Base/Assets/UI/ProductionManager.lua	Load time: 0.138538
END    LuaContext::Initialize() id: 'ProductionManager'
START  LuaContext::Initialize() id: 'ProductionPanel'		parent: 'PartialScreens'		Context: 'InGame'
ProductionPanel: register time: 0.001288
ProductionPanel: ControlBase::Initialize time: 0.004116
LOADING ../../../Base/Assets/UI/Panels/ProductionPanel.lua	Load time: 0.046785
END    LuaContext::Initialize() id: 'ProductionPanel'
START  LuaContext::Initialize() id: 'EdgeScroll'		parent: 'InGame'		Context: 'InGame'
EdgeScroll: register time: 0.001603
EdgeScroll: ControlBase::Initialize time: 0.000002
LOADING ../../../Base/Assets/UI/EdgeScroll.lua	Load time: 0.008444
END    LuaContext::Initialize() id: 'EdgeScroll'
START  LuaContext::Initialize() id: 'FullscreenMapPopup'		parent: 'Screens'		Context: 'InGame'
FullscreenMapPopup: register time: 0.001745
FullscreenMapPopup: ControlBase::Initialize time: 0.000009
LOADING ../../../DLC/Expansion2/UI/Replacements/FullscreenMapPopup_Expansion2.lua	Load time: 0.023509
END    LuaContext::Initialize() id: 'FullscreenMapPopup'
START  LuaContext::Initialize() id: 'TechTree'		parent: 'Screens'		Context: 'InGame'
TechTree: register time: 0.001540
DEPRECATED: 'full' size should be parent-sized to a root context
TechTree: ControlBase::Initialize time: 0.000630
LOADING ../../../DLC/Expansion2/UI/Replacements/TechTree_Expansion2.lua	Load time: 0.063164
END    LuaContext::Initialize() id: 'TechTree'
START  LuaContext::Initialize() id: 'CivicsTree'		parent: 'Screens'		Context: 'InGame'
CivicsTree: register time: 0.001043
DEPRECATED: 'full' size should be parent-sized to a root context
CivicsTree: ControlBase::Initialize time: 0.000591
LOADING ../../../DLC/Expansion2/UI/Replacements/CivicsTree_Expansion2.lua	Load time: 0.036337
END    LuaContext::Initialize() id: 'CivicsTree'
START  LuaContext::Initialize() id: 'ClimateScreen'		parent: 'Screens'		Context: 'InGame'
ClimateScreen: register time: 0.001203
ClimateScreen: ControlBase::Initialize time: 0.001160
LOADING ../../../DLC/GranColombia_Maya/UI/Replacements/ClimateScreen_GranColombia_Maya.lua	Load time: 0.019278
END    LuaContext::Initialize() id: 'ClimateScreen'
START  LuaContext::Initialize() id: 'GovernmentScreen'		parent: 'Screens'		Context: 'InGame'
GovernmentScreen: register time: 0.001519
GovernmentScreen: ControlBase::Initialize time: 0.000952
LOADING ../../../DLC/Expansion2/UI/Replacements/GovernmentScreen_Expansion2.lua	Load time: 0.052199
END    LuaContext::Initialize() id: 'GovernmentScreen'
START  LuaContext::Initialize() id: 'ReligionScreen'		parent: 'Screens'		Context: 'InGame'
ReligionScreen: register time: 0.001098
ReligionScreen: ControlBase::Initialize time: 0.001347
LOADING ../../../Base/Assets/UI/ReligionScreen.lua	Load time: 0.021873
END    LuaContext::Initialize() id: 'ReligionScreen'
START  LuaContext::Initialize() id: 'GreatWorksOverview'		parent: 'Screens'		Context: 'InGame'
GreatWorksOverview: register time: 0.001139
GreatWorksOverview: ControlBase::Initialize time: 0.000351
LOADING ../../../Base/Assets/UI/GreatWorksOverview.lua	Load time: 0.054106
END    LuaContext::Initialize() id: 'GreatWorksOverview'
START  LuaContext::Initialize() id: 'GreatWorkShowcase'		parent: 'Screens'		Context: 'InGame'
GreatWorkShowcase: register time: 0.001256
GreatWorkShowcase: ControlBase::Initialize time: 0.000164
LOADING ../../../Base/Assets/UI/GreatWorkShowcase.lua	Load time: 0.007724
END    LuaContext::Initialize() id: 'GreatWorkShowcase'
START  LuaContext::Initialize() id: 'GreatPeoplePopup'		parent: 'Screens'		Context: 'InGame'
GreatPeoplePopup: register time: 0.001502
GreatPeoplePopup: ControlBase::Initialize time: 0.000335
LOADING ../../../Base/Assets/UI/Popups/GreatPeoplePopup.lua	Load time: 0.057277
END    LuaContext::Initialize() id: 'GreatPeoplePopup'
START  LuaContext::Initialize() id: 'GlobalResourcePopup'		parent: 'Screens'		Context: 'InGame'
GlobalResourcePopup: register time: 0.001041
GlobalResourcePopup: ControlBase::Initialize time: 0.000110
LOADING ../../../Base/Assets/UI/Screens/GlobalResourcePopup.lua	Load time: 0.007665
END    LuaContext::Initialize() id: 'GlobalResourcePopup'
START  LuaContext::Initialize() id: 'ReportScreen'		parent: 'Screens'		Context: 'InGame'
ReportScreen: register time: 0.001402
ReportScreen: ControlBase::Initialize time: 0.000368
LOADING ../../../DLC/Expansion2/UI/Replacements/ReportScreen_Expansion2.lua	Load time: 0.042006
END    LuaContext::Initialize() id: 'ReportScreen'
START  LuaContext::Initialize() id: 'LaunchBar'		parent: 'TopLevelHUD'		Context: 'InGame'
LaunchBar: register time: 0.001127
LaunchBar: ControlBase::Initialize time: 0.000317
LOADING ../../../DLC/Expansion2/UI/Replacements/LaunchBar_Expansion2.lua	Load time: 0.017381
END    LuaContext::Initialize() id: 'LaunchBar'
START  LuaContext::Initialize() id: 'TradeRouteChooser'		parent: 'TopLevelHUD'		Context: 'InGame'
TradeRouteChooser: register time: 0.001227
TradeRouteChooser: ControlBase::Initialize time: 0.000331
LOADING ../../../Base/Assets/UI/Choosers/TradeRouteChooser.lua	Load time: 0.016534
END    LuaContext::Initialize() id: 'TradeRouteChooser'
START  LuaContext::Initialize() id: 'TradeOriginChooser'		parent: 'TopLevelHUD'		Context: 'InGame'
TradeOriginChooser: register time: 0.001095
TradeOriginChooser: ControlBase::Initialize time: 0.000031
LOADING ../../../Base/Assets/UI/Choosers/TradeOriginChooser.lua	Load time: 0.015761
END    LuaContext::Initialize() id: 'TradeOriginChooser'
START  LuaContext::Initialize() id: 'CivicsChooser'		parent: 'TopLevelHUD'		Context: 'InGame'
CivicsChooser: register time: 0.001380
CivicsChooser: ControlBase::Initialize time: 0.000105
LOADING ../../../Base/Assets/UI/Choosers/CivicsChooser.lua	Load time: 0.043114
END    LuaContext::Initialize() id: 'CivicsChooser'
START  LuaContext::Initialize() id: 'ResearchChooser'		parent: 'TopLevelHUD'		Context: 'InGame'
ResearchChooser: register time: 0.001069
ResearchChooser: ControlBase::Initialize time: 0.000293
LOADING ../../../DLC/Expansion2/UI/Replacements/ResearchChooser_Expansion1.lua	Load time: 0.063216
END    LuaContext::Initialize() id: 'ResearchChooser'
START  LuaContext::Initialize() id: 'EspionageChooser'		parent: 'TopLevelHUD'		Context: 'InGame'
EspionageChooser: register time: 0.001405
EspionageChooser: ControlBase::Initialize time: 0.000183
LOADING ../../../DLC/Expansion2/UI/Replacements/EspionageChooser_Expansion1.lua	Load time: 0.025267
END    LuaContext::Initialize() id: 'EspionageChooser'
START  LuaContext::Initialize() id: 'PantheonChooser'		parent: 'TopLevelHUD'		Context: 'InGame'
PantheonChooser: register time: 0.001247
PantheonChooser: ControlBase::Initialize time: 0.000177
LOADING ../../../Base/Assets/UI/Choosers/PantheonChooser.lua	Load time: 0.007983
END    LuaContext::Initialize() id: 'PantheonChooser'
START  LuaContext::Initialize() id: 'CityPanelOverview'		parent: 'TopLevelHUD'		Context: 'InGame'
CityPanelOverview: register time: 0.001262
CityPanelOverview: ControlBase::Initialize time: 0.001502
LOADING ../../../DLC/Expansion2/UI/Replacements/CityPanelOverview_Expansion2.lua	Load time: 0.069747
START  LuaContext::Initialize() id: ''		parent: 'PanelDynamicTab'		Context: 'NULL'
CityPanelCulture: register time: 0.001701
CityPanelCulture: ControlBase::Initialize time: 0.001289
LOADING ../../../DLC/Expansion2/UI/Additions/CityPanelCulture.lua	Load time: 0.010015
END    LuaContext::Initialize() id: ''
START  LuaContext::Initialize() id: ''		parent: 'PanelDynamicTab'		Context: 'NULL'
CityPanelPower: register time: 0.002290
CityPanelPower: ControlBase::Initialize time: 0.000351
LOADING ../../../DLC/Expansion2/UI/Additions/CityPanelPower.lua	Load time: 0.012207
END    LuaContext::Initialize() id: ''
END    LuaContext::Initialize() id: 'CityPanelOverview'
START  LuaContext::Initialize() id: 'ModalLensPanel'		parent: 'TopLevelHUD'		Context: 'InGame'
ModalLensPanel: register time: 0.001672
ModalLensPanel: ControlBase::Initialize time: 0.000052
LOADING ../../../DLC/Expansion2/UI/Replacements/ModalLensPanel_Expansion2.lua	Load time: 0.023190
END    LuaContext::Initialize() id: 'ModalLensPanel'
START  LuaContext::Initialize() id: 'EraCompletePopup'		parent: 'WorldPopups'		Context: 'InGame'
EraCompletePopup: register time: 0.001994
EraCompletePopup: ControlBase::Initialize time: 0.000076
LOADING ../../../DLC/Expansion2/UI/Additions/EraCompletePopup.lua	Load time: 0.019922
END    LuaContext::Initialize() id: 'EraCompletePopup'
START  LuaContext::Initialize() id: 'NaturalWonderPopup'		parent: 'WorldPopups'		Context: 'InGame'
NaturalWonderPopup: register time: 0.002167
NaturalWonderPopup: ControlBase::Initialize time: 0.000501
LOADING ../../../Base/Assets/UI/Popups/NaturalWonderPopup.lua	Load time: 0.018765
END    LuaContext::Initialize() id: 'NaturalWonderPopup'
START  LuaContext::Initialize() id: 'NaturalDisasterPopup'		parent: 'WorldPopups'		Context: 'InGame'
NaturalDisasterPopup: register time: 0.001857
NaturalDisasterPopup: ControlBase::Initialize time: 0.000410
LOADING ../../../DLC/GranColombia_Maya/UI/Replacements/NaturalDisasterPopup_GranColombia_Maya.lua	Load time: 0.006411
END    LuaContext::Initialize() id: 'NaturalDisasterPopup'
START  LuaContext::Initialize() id: 'RockBandMoviePopup'		parent: 'WorldPopups'		Context: 'InGame'
RockBandMoviePopup: register time: 0.001807
RockBandMoviePopup: ControlBase::Initialize time: 0.008970
LOADING ../../../DLC/Expansion2/UI/Additions/RockBandMoviePopup.lua	Load time: 0.013447
END    LuaContext::Initialize() id: 'RockBandMoviePopup'
START  LuaContext::Initialize() id: 'RockBandPopup'		parent: 'WorldPopups'		Context: 'InGame'
RockBandPopup: register time: 0.001320
RockBandPopup: ControlBase::Initialize time: 0.000338
LOADING ../../../DLC/Expansion2/UI/Additions/RockBandPopup.lua	Load time: 0.075052
END    LuaContext::Initialize() id: 'RockBandPopup'
START  LuaContext::Initialize() id: 'WonderBuiltPopup'		parent: 'WorldPopups'		Context: 'InGame'
WonderBuiltPopup: register time: 0.001328
WonderBuiltPopup: ControlBase::Initialize time: 0.000260
LOADING ../../../Base/Assets/UI/Popups/WonderBuiltPopup.lua	Load time: 0.003058
END    LuaContext::Initialize() id: 'WonderBuiltPopup'
START  LuaContext::Initialize() id: 'ProjectBuiltPopup'		parent: 'WorldPopups'		Context: 'InGame'
ProjectBuiltPopup: register time: 0.001367
ProjectBuiltPopup: ControlBase::Initialize time: 0.000196
LOADING ../../../Base/Assets/UI/Popups/ProjectBuiltPopup.lua	Load time: 0.019579
END    LuaContext::Initialize() id: 'ProjectBuiltPopup'
START  LuaContext::Initialize() id: 'MapPinPopup'		parent: 'WorldPopups'		Context: 'InGame'
MapPinPopup: register time: 0.001394
MapPinPopup: ControlBase::Initialize time: 0.000157
LOADING D:/Program Files (x86)/Steam/steamapps/workshop/content/289070/2428969051/ui/mappinpopup_dmt.lua	Load time: 0.255576
END    LuaContext::Initialize() id: 'MapPinPopup'
START  LuaContext::Initialize() id: 'PBCNotificationPopup'		parent: 'WorldPopups'		Context: 'InGame'
PBCNotificationPopup: register time: 0.001046
PBCNotificationPopup: ControlBase::Initialize time: 0.000001
LOADING ../../../Base/Assets/UI/Popups/PBCNotificationPopup.lua	Load time: 0.014157
END    LuaContext::Initialize() id: 'PBCNotificationPopup'
START  LuaContext::Initialize() id: 'RazeCity'		parent: 'WorldPopups'		Context: 'InGame'
RazeCity: register time: 0.001130
RazeCity: ControlBase::Initialize time: 0.000150
LOADING ../../../DLC/Expansion2/UI/Replacements/RazeCity_Expansion2.lua	Load time: 0.024738
END    LuaContext::Initialize() id: 'RazeCity'
START  LuaContext::Initialize() id: 'BoostUnlockedPopup'		parent: 'WorldPopups'		Context: 'InGame'
BoostUnlockedPopup: register time: 0.000959
BoostUnlockedPopup: ControlBase::Initialize time: 0.000074
LOADING ../../../Base/Assets/UI/Popups/BoostUnlockedPopup.lua	Load time: 0.009187
END    LuaContext::Initialize() id: 'BoostUnlockedPopup'
START  LuaContext::Initialize() id: 'TechCivicCompletedPopup'		parent: 'WorldPopups'		Context: 'InGame'
TechCivicCompletedPopup: register time: 0.001132
TechCivicCompletedPopup: ControlBase::Initialize time: 0.036235
LOADING ../../../Base/Assets/UI/Popups/TechCivicCompletedPopup.lua	Load time: 0.037736
END    LuaContext::Initialize() id: 'TechCivicCompletedPopup'
START  LuaContext::Initialize() id: 'UnitPromotionPopup'		parent: 'WorldPopups'		Context: 'InGame'
UnitPromotionPopup: register time: 0.000963
UnitPromotionPopup: ControlBase::Initialize time: 0.000051
LOADING ../../../Base/Assets/UI/Popups/UnitPromotionPopup.lua	Load time: 0.014632
END    LuaContext::Initialize() id: 'UnitPromotionPopup'
START  LuaContext::Initialize() id: 'EspionagePopup'		parent: 'WorldPopups'		Context: 'InGame'
EspionagePopup: register time: 0.000907
EspionagePopup: ControlBase::Initialize time: 0.001293
LOADING ../../../Base/Assets/UI/Popups/EspionagePopup.lua	Load time: 0.014542
END    LuaContext::Initialize() id: 'EspionagePopup'
START  LuaContext::Initialize() id: 'EventPopup'		parent: 'WorldPopups'		Context: 'InGame'
EventPopup: register time: 0.000927
EventPopup: ControlBase::Initialize time: 0.000408
LOADING ../../../Base/Assets/UI/Popups/EventPopup.lua	Load time: 0.031842
END    LuaContext::Initialize() id: 'EventPopup'
START  LuaContext::Initialize() id: 'Automation_NarrationPopup'		parent: 'WorldPopups'		Context: 'InGame'
Automation_NarrationPopup: register time: 0.000955
Automation_NarrationPopup: ControlBase::Initialize time: 0.000131
LOADING ../../../Base/Assets/UI/Automation/Automation_NarrationPopup.lua	Load time: 0.015394
END    LuaContext::Initialize() id: 'Automation_NarrationPopup'
START  LuaContext::Initialize() id: 'ChooseArtifact'		parent: 'FakePopups'		Context: 'InGame'
ChooseArtifact: register time: 0.001021
ChooseArtifact: ControlBase::Initialize time: 0.000088
LOADING ../../../Base/Assets/UI/Popups/ChooseArtifact.lua	Load time: 0.022873
END    LuaContext::Initialize() id: 'ChooseArtifact'
START  LuaContext::Initialize() id: 'EspionageEscape'		parent: 'FakePopups'		Context: 'InGame'
EspionageEscape: register time: 0.000968
EspionageEscape: ControlBase::Initialize time: 0.000225
LOADING ../../../Base/Assets/UI/Popups/EspionageEscape.lua	Load time: 0.010928
END    LuaContext::Initialize() id: 'EspionageEscape'
START  LuaContext::Initialize() id: 'UnitCaptured'		parent: 'FakePopups'		Context: 'InGame'
UnitCaptured: register time: 0.000962
UnitCaptured: ControlBase::Initialize time: 0.000001
LOADING ../../../Base/Assets/UI/Popups/UnitCaptured.lua	Load time: 0.002690
END    LuaContext::Initialize() id: 'UnitCaptured'
START  LuaContext::Initialize() id: 'InGamePopup'		parent: 'FakePopups'		Context: 'InGame'
InGamePopup: register time: 0.000884
InGamePopup: ControlBase::Initialize time: 0.000032
LOADING ../../../Base/Assets/UI/Popups/InGamePopup.lua	Load time: 0.014182
END    LuaContext::Initialize() id: 'InGamePopup'
START  LuaContext::Initialize() id: 'WorldCongressPopup'		parent: 'Diplomacy'		Context: 'InGame'
WorldCongressPopup: register time: 0.000892
WorldCongressPopup: ControlBase::Initialize time: 0.000341
LOADING ../../../DLC/Expansion2/UI/Additions/WorldCongressPopup.lua	Load time: 0.041251
END    LuaContext::Initialize() id: 'WorldCongressPopup'
START  LuaContext::Initialize() id: 'WorldCongressBetweenTurns'		parent: 'Diplomacy'		Context: 'InGame'
WorldCongressBetweenTurns: register time: 0.000998
WorldCongressBetweenTurns: ControlBase::Initialize time: 0.000201
LOADING ../../../DLC/Expansion2/UI/Additions/WorldCongressBetweenTurns.lua	Load time: 0.011757
END    LuaContext::Initialize() id: 'WorldCongressBetweenTurns'
START  LuaContext::Initialize() id: 'WorldCongressIntro'		parent: 'Diplomacy'		Context: 'InGame'
WorldCongressIntro: register time: 0.000962
WorldCongressIntro: ControlBase::Initialize time: 0.000198
LOADING ../../../DLC/Expansion2/UI/Additions/WorldCongressIntro.lua	Load time: 0.016222
END    LuaContext::Initialize() id: 'WorldCongressIntro'
START  LuaContext::Initialize() id: 'LeaderScene'		parent: 'Diplomacy'		Context: 'InGame'
LeaderScene: register time: 0.001037
LeaderScene: ControlBase::Initialize time: 0.000006
LOADING ../../../Base/Assets/UI/LeaderScene.lua	Load time: 0.024275
END    LuaContext::Initialize() id: 'LeaderScene'
START  LuaContext::Initialize() id: 'DiplomacyActionView'		parent: 'Diplomacy'		Context: 'InGame'
DiplomacyActionView: register time: 0.001161
DiplomacyActionView: ControlBase::Initialize time: 0.000450
LOADING D:/Program Files (x86)/Steam/steamapps/workshop/content/289070/2460661464/ui/diplomacyactionview_qd.lua	Load time: 0.087126
END    LuaContext::Initialize() id: 'DiplomacyActionView'
START  LuaContext::Initialize() id: 'DiplomacyDealView'		parent: 'Diplomacy'		Context: 'InGame'
DiplomacyDealView: register time: 0.003057
DiplomacyDealView: ControlBase::Initialize time: 0.000646
LOADING ../../../DLC/Expansion2/UI/Replacements/DiplomacyDealView.lua	Load time: 0.037390
END    LuaContext::Initialize() id: 'DiplomacyDealView'
START  LuaContext::Initialize() id: 'DeclareWarPopup'		parent: 'Diplomacy'		Context: 'InGame'
DeclareWarPopup: register time: 0.003571
DeclareWarPopup: ControlBase::Initialize time: 0.000303
LOADING ../../../DLC/Expansion2/UI/Replacements/DeclareWarPopup_Expansion2.lua	Load time: 0.038253
END    LuaContext::Initialize() id: 'DeclareWarPopup'
START  LuaContext::Initialize() id: 'EndGameMenu'		parent: 'EndGame'		Context: 'InGame'
EndGameMenu: register time: 0.002652
EndGameMenu: ControlBase::Initialize time: 0.003637
LOADING ../../../Base/Assets/UI/EndGame/EndGameMenu.lua	Load time: 0.051788
END    LuaContext::Initialize() id: 'EndGameMenu'
START  LuaContext::Initialize() id: 'PlayerChange'		parent: 'Network'		Context: 'InGame'
PlayerChange: register time: 0.001544
START  LuaContext::Initialize() id: 'SaveGameMenu'		parent: 'PlayerChange'		Context: 'PlayerChange'
SaveGameMenu: register time: 0.001737
SaveGameMenu: ControlBase::Initialize time: 0.000419
LOADING ../../../Base/Assets/UI/Menus/SaveGameMenu.lua	Load time: 0.006018
END    LuaContext::Initialize() id: 'SaveGameMenu'
PlayerChange: ControlBase::Initialize time: 0.009944
LOADING ../../../Base/Assets/UI/Popups/PlayerChange.lua	Load time: 0.012041
END    LuaContext::Initialize() id: 'PlayerChange'
START  LuaContext::Initialize() id: 'NewTurnPanel'		parent: 'Network'		Context: 'InGame'
NewTurnPanel: register time: 0.001881
NewTurnPanel: ControlBase::Initialize time: 0.000048
LOADING ../../../DLC/Expansion2/UI/Replacements/NewTurnPanel_Expansion1.lua	Load time: 0.010184
END    LuaContext::Initialize() id: 'NewTurnPanel'
START  LuaContext::Initialize() id: 'Civilopedia'		parent: 'InGame'		Context: 'InGame'
CivilopediaScreen: register time: 0.001638
CivilopediaScreen: ControlBase::Initialize time: 0.000501
LOADING ../../../Base/Assets/UI/Civilopedia/CivilopediaScreen.lua	Load time: 0.417197
END    LuaContext::Initialize() id: 'Civilopedia'
START  LuaContext::Initialize() id: 'PausePanel'		parent: 'InGame'		Context: 'InGame'
PausePanel: register time: 0.001714
PausePanel: ControlBase::Initialize time: 0.000043
LOADING ../../../Base/Assets/UI/Panels/PausePanel.lua	Load time: 0.007261
END    LuaContext::Initialize() id: 'PausePanel'
START  LuaContext::Initialize() id: 'SwitchLayoutPopup'		parent: 'InGame'		Context: 'InGame'
SwitchLayoutPopup: register time: 0.001476
SwitchLayoutPopup: ControlBase::Initialize time: 0.000062
LOADING ../../../Base/Assets/UI/Popups/SwitchLayoutPopup.lua	Load time: 0.000361
END    LuaContext::Initialize() id: 'SwitchLayoutPopup'
START  LuaContext::Initialize() id: 'HotSeatBackground'		parent: 'InGame'		Context: 'InGame'
HotSeatBackground: register time: 0.000984
HotSeatBackground: ControlBase::Initialize time: 0.000001
LOADING ../../../Base/Assets/UI/Menus/HotSeatBackground.lua	Load time: 0.001345
END    LuaContext::Initialize() id: 'HotSeatBackground'
START  LuaContext::Initialize() id: 'TopOptionsMenu'		parent: 'InGame'		Context: 'InGame'
InGameTopOptionsMenu: register time: 0.000850
START  LuaContext::Initialize() id: 'LoadGameMenu'		parent: 'TopOptionsMenu'		Context: 'TopOptionsMenu'
LoadGameMenu: register time: 0.001554
LoadGameMenu: ControlBase::Initialize time: 0.000472
LOADING ../../../Base/Assets/UI/FrontEnd/LoadGameMenu.lua	Load time: 0.014584
END    LuaContext::Initialize() id: 'LoadGameMenu'
START  LuaContext::Initialize() id: 'SaveGameMenu'		parent: 'TopOptionsMenu'		Context: 'TopOptionsMenu'
SaveGameMenu: register time: 0.001097
SaveGameMenu: ControlBase::Initialize time: 0.000371
LOADING ../../../Base/Assets/UI/Menus/SaveGameMenu.lua	Load time: 0.005306
END    LuaContext::Initialize() id: 'SaveGameMenu'
START  LuaContext::Initialize() id: 'Options'		parent: 'TopOptionsMenu'		Context: 'TopOptionsMenu'
Options: register time: 0.001322
Options: ControlBase::Initialize time: 0.003290
LOADING ../../../Base/Assets/UI/Options.lua	Load time: 0.032698
END    LuaContext::Initialize() id: 'Options'
InGameTopOptionsMenu: ControlBase::Initialize time: 0.068513
LOADING ../../../DLC/Expansion2/UI/Replacements/Expansion1_InGameTopOptionsMenu.lua	Load time: 0.030433
END    LuaContext::Initialize() id: 'TopOptionsMenu'
InGame: ControlBase::Initialize time: 7.629531
START  LuaContext::Initialize() id: 'dmt_yieldcalculator'		parent: 'AdditionalUserInterfaces'		Context: 'NULL'
dmt_yieldcalculator: register time: 0.001455
dmt_yieldcalculator: ControlBase::Initialize time: 0.000002
LOADING D:/Program Files (x86)/Steam/steamapps/workshop/content/289070/2428969051/ui/dmt_yieldcalculator.lua	Load time: 0.042343
END    LuaContext::Initialize() id: 'dmt_yieldcalculator'
START  LuaContext::Initialize() id: 'qd_dealpopup'		parent: 'AdditionalUserInterfaces'		Context: 'NULL'
qd_dealpopup: register time: 0.001231
qd_dealpopup: ControlBase::Initialize time: 0.000228
LOADING D:/Program Files (x86)/Steam/steamapps/workshop/content/289070/2460661464/ui/qd_dealpopup.lua	Load time: 0.019234
END    LuaContext::Initialize() id: 'qd_dealpopup'
START  LuaContext::Initialize() id: 'qd_launchbutton'		parent: 'AdditionalUserInterfaces'		Context: 'NULL'
qd_launchbutton: register time: 0.001267
qd_launchbutton: ControlBase::Initialize time: 0.000003
LOADING D:/Program Files (x86)/Steam/steamapps/workshop/content/289070/2460661464/ui/qd_launchbutton.lua	Load time: 0.012497
END    LuaContext::Initialize() id: 'qd_launchbutton'
START  LuaContext::Initialize() id: 'qd_offerautomator'		parent: 'AdditionalUserInterfaces'		Context: 'NULL'
qd_offerautomator: register time: 0.001303
qd_offerautomator: ControlBase::Initialize time: 0.000004
LOADING D:/Program Files (x86)/Steam/steamapps/workshop/content/289070/2460661464/ui/qd_offerautomator.lua	Load time: 0.012433
END    LuaContext::Initialize() id: 'qd_offerautomator'
START  LuaContext::Initialize() id: 'qd_popuptab_exchange'		parent: 'AdditionalUserInterfaces'		Context: 'NULL'
qd_popuptab_exchange: register time: 0.001095
qd_popuptab_exchange: ControlBase::Initialize time: 0.000246
LOADING D:/Program Files (x86)/Steam/steamapps/workshop/content/289070/2460661464/ui/qd_popuptab_exchange.lua	Load time: 0.015335
END    LuaContext::Initialize() id: 'qd_popuptab_exchange'
START  LuaContext::Initialize() id: 'qd_popuptab_purchase'		parent: 'AdditionalUserInterfaces'		Context: 'NULL'
qd_popuptab_purchase: register time: 0.001010
qd_popuptab_purchase: ControlBase::Initialize time: 0.000156
LOADING D:/Program Files (x86)/Steam/steamapps/workshop/content/289070/2460661464/ui/qd_popuptab_purchase.lua	Load time: 0.013695
END    LuaContext::Initialize() id: 'qd_popuptab_purchase'
START  LuaContext::Initialize() id: 'qd_popuptab_sale'		parent: 'AdditionalUserInterfaces'		Context: 'NULL'
qd_popuptab_sale: register time: 0.001896
qd_popuptab_sale: ControlBase::Initialize time: 0.000271
LOADING D:/Program Files (x86)/Steam/steamapps/workshop/content/289070/2460661464/ui/qd_popuptab_sale.lua	Load time: 0.029804
END    LuaContext::Initialize() id: 'qd_popuptab_sale'
START  LuaContext::Initialize() id: 'DedicationPopup'		parent: 'AdditionalUserInterfaces'		Context: 'NULL'
DedicationPopup: register time: 0.001708
DedicationPopup: ControlBase::Initialize time: 0.000059
LOADING ../../../DLC/Expansion2/UI/Additions/DedicationPopup.lua	Load time: 0.010109
END    LuaContext::Initialize() id: 'DedicationPopup'
START  LuaContext::Initialize() id: 'DisloyalCityChooser'		parent: 'AdditionalUserInterfaces'		Context: 'NULL'
DisloyalCityChooser: register time: 0.001595
DisloyalCityChooser: ControlBase::Initialize time: 0.000126
LOADING ../../../DLC/Expansion2/UI/Additions/DisloyalCityChooser.lua	Load time: 0.001059
END    LuaContext::Initialize() id: 'DisloyalCityChooser'
START  LuaContext::Initialize() id: 'EraProgressPanel'		parent: 'AdditionalUserInterfaces'		Context: 'NULL'
EraProgressPanel: register time: 0.001754
EraProgressPanel: ControlBase::Initialize time: 0.008094
LOADING ../../../DLC/Expansion2/UI/Additions/EraProgressPanel.lua	Load time: 0.026233
END    LuaContext::Initialize() id: 'EraProgressPanel'
START  LuaContext::Initialize() id: 'EraReviewPopup'		parent: 'AdditionalUserInterfaces'		Context: 'NULL'
EraReviewPopup: register time: 0.001665
EraReviewPopup: ControlBase::Initialize time: 0.000158
LOADING ../../../DLC/Expansion2/UI/Additions/EraReviewPopup.lua	Load time: 0.011318
END    LuaContext::Initialize() id: 'EraReviewPopup'
START  LuaContext::Initialize() id: 'ExpansionIntro'		parent: 'AdditionalUserInterfaces'		Context: 'NULL'
ExpansionIntro: register time: 0.002028
ExpansionIntro: ControlBase::Initialize time: 0.000112
LOADING ../../../DLC/Expansion2/UI/Additions/ExpansionIntro.lua	Load time: 0.014837
END    LuaContext::Initialize() id: 'ExpansionIntro'
START  LuaContext::Initialize() id: 'GovernorAssignmentChooser'		parent: 'AdditionalUserInterfaces'		Context: 'NULL'
GovernorAssignmentChooser: register time: 0.001548
GovernorAssignmentChooser: ControlBase::Initialize time: 0.007715
LOADING ../../../DLC/Expansion2/UI/Additions/GovernorAssignmentChooser.lua	Load time: 0.017761
END    LuaContext::Initialize() id: 'GovernorAssignmentChooser'
START  LuaContext::Initialize() id: 'GovernorPanel'		parent: 'AdditionalUserInterfaces'		Context: 'NULL'
GovernorPanel: register time: 0.001567
START  LuaContext::Initialize() id: 'DetailsPanel'		parent: 'GovernorPanelContainer'		Context: 'GovernorPanel'
GovernorDetailsPanel: register time: 0.001669
GovernorDetailsPanel: ControlBase::Initialize time: 0.000189
LOADING ../../../DLC/Expansion2/UI/Additions/GovernorDetailsPanel.lua	Load time: 0.022168
END    LuaContext::Initialize() id: 'DetailsPanel'
GovernorPanel: ControlBase::Initialize time: 0.050798
LOADING ../../../DLC/Expansion2/UI/Additions/GovernorPanel.lua	Load time: 0.056946
END    LuaContext::Initialize() id: 'GovernorPanel'
START  LuaContext::Initialize() id: 'HistoricMoments'		parent: 'AdditionalUserInterfaces'		Context: 'NULL'
HistoricMoments: register time: 0.001252
HistoricMoments: ControlBase::Initialize time: 0.000269
LOADING ../../../DLC/Expansion2/UI/Additions/HistoricMoments.lua	Load time: 0.004162
END    LuaContext::Initialize() id: 'HistoricMoments'
START  LuaContext::Initialize() id: 'WorldCrisisPopup'		parent: 'AdditionalUserInterfaces'		Context: 'NULL'
WorldCrisisPopup: register time: 0.001141
WorldCrisisPopup: ControlBase::Initialize time: 0.000410
LOADING ../../../DLC/Expansion2/UI/Additions/WorldCrisisPopup.lua	Load time: 0.015513
END    LuaContext::Initialize() id: 'WorldCrisisPopup'
LOADING ../../../DLC/Expansion2/UI/Replacements/InGame.lua	Load time: 0.737069
END    LuaContext::Initialize() id: 'InGame'
START  LuaContext::Initialize() id: ''		parent: 'NULL'		Context: 'NULL'
TutorialUIRoot: register time: 0.001047
START  LuaContext::Initialize() id: 'AdvisorPopup'		parent: 'TutorialUIRoot'		Context: 'TutorialUIRoot'
AdvisorPopup: register time: 0.001122
AdvisorPopup: ControlBase::Initialize time: 0.000198
LOADING ../../../Base/Assets/UI/Popups/AdvisorPopup.lua	Load time: 0.018098
END    LuaContext::Initialize() id: 'AdvisorPopup'
START  LuaContext::Initialize() id: 'TutorialWorldAnchor'		parent: 'TutorialUIRoot'		Context: 'TutorialUIRoot'
TutorialWorldAnchor: register time: 0.001020
TutorialWorldAnchor: ControlBase::Initialize time: 0.000024
LOADING ../../../Base/Assets/UI/TutorialWorldAnchor.lua	Load time: 0.010555
END    LuaContext::Initialize() id: 'TutorialWorldAnchor'
TutorialUIRoot: ControlBase::Initialize time: 0.038526
LOADING ../../../DLC/Expansion2/UI/Replacements/TutorialUIRoot_Expansion1.lua	Load time: 0.051676
END    LuaContext::Initialize() id: 'TutorialUIRoot'
START  LuaContext::Initialize() id: ''		parent: 'InGame'		Context: 'InGame'
InvitePopup: register time: 0.001312
InvitePopup: ControlBase::Initialize time: 0.000032
LOADING ../../../Base/Assets/UI/Popups/InvitePopup.lua	Load time: 0.003635
END    LuaContext::Initialize() id: 'InvitePopup'

NumBlocks:   3 
Allocated: 12.00 mb, Used: 12.00 mb, Free: 0.00 mb 

NumControls: 16272 

ControlBase Size: 208 

Active, 		Total, 		Object Size,		 Total Size		 Name
  269, 		   270, 		   224, 		     60480, 		 ColorBoxControl
    9, 		     9, 		   304, 		      2736, 		 WorldAnchorControl
   12, 		    12, 		   160, 		      1920, 		 UIString128
    2, 		     2, 		   464, 		       928, 		 DragControl
   60, 		    60, 		   272, 		     16320, 		 TutorialControl
 1269, 		  1419, 		   224, 		    317856, 		 ControlBase
    3, 		     3, 		   816, 		      2448, 		 GraphControl
   10, 		    10, 		  3440, 		     34400, 		 RadioButtonControl
    2, 		     2, 		  1616, 		      3232, 		 MovieControl
   52, 		    55, 		   384, 		     21120, 		 LineControl
    9, 		     9, 		    96, 		       864, 		 UIString64
 6332, 		  6354, 		    96, 		    609984, 		 ControlChildList
   42, 		    42, 		   608, 		     25536, 		 TextureBarControl
   10, 		    10, 		   656, 		      6560, 		 ColorBoxButtonControl
  393, 		   394, 		   400, 		    157600, 		 AlphaAnim
  323, 		   323, 		   848, 		    273904, 		 MeterControl
 1182, 		  1182, 		   976, 		   1153632, 		 GridButtonControl
   15, 		    15, 		   320, 		      4800, 		 ZoomAnchorControl
   59, 		    59, 		  3440, 		    202960, 		 CheckBoxControl
  292, 		   292, 		   528, 		    154176, 		 FlipAnim
   65, 		    86, 		  2608, 		    224288, 		 PullDownControl
    1, 		     1, 		   304, 		       304, 		 ListBoxControl
 1452, 		  1453, 		   560, 		    813680, 		 GridControl
 1360, 		  1366, 		   368, 		    502688, 		 StackControl
 3041, 		  3056, 		   432, 		   1320192, 		 TextControl
    4, 		   560, 		  1536, 		    860160, 		 ScrollTextControl
    4, 		     6, 		  2208, 		     13248, 		 TextButtonControl
  128, 		   129, 		  3744, 		    482976, 		 LuaContext
  239, 		   239, 		  1632, 		    390048, 		 SliderControl
  176, 		   176, 		   512, 		     90112, 		 ScrollPanelControl
   22, 		    22, 		  1824, 		     40128, 		 EditBoxControl
   24, 		    24, 		   544, 		     13056, 		 UIString512
    1, 		     1, 		   304, 		       304, 		 VerticalContainerControl
  164, 		   164, 		   400, 		     65600, 		 SlideAnim
   11, 		    11, 		   768, 		      8448, 		 BarControl
    2, 		     3, 		  2960, 		      8880, 		 ContextBase
    0, 		     1, 		   288, 		       288, 		 PlatformControl
    0, 		     1, 		   224, 		       224, 		 GroupControl
  777, 		   778, 		   560, 		    435680, 		 ButtonControl
   21, 		    21, 		   288, 		      6048, 		 UIString256
 3989, 		  4006, 		   416, 		   1666496, 		 ImageControl
  646, 		   646, 		    64, 		     41344, 		 UIMaskInfo

Num Child Nodes: 16507

Child Node distribution
10567 nodes have     0 children
 3266 nodes have     1 children
 1515 nodes have     2 children
  448 nodes have     3 children
  178 nodes have     4 children
  119 nodes have     5 children
   66 nodes have     6 children
   28 nodes have     7 children
   43 nodes have     8 children
   29 nodes have     9 children
   20 nodes have    10 children
   18 nodes have    11 children
   24 nodes have    12 children
   10 nodes have    13 children
    4 nodes have    14 children
  142 nodes have    15 children
    7 nodes have    16 children
    3 nodes have    17 children
    1 nodes have    18 children
    3 nodes have    19 children
    2 nodes have    20 children
    1 nodes have    21 children
    1 nodes have    26 children
    1 nodes have    27 children
    2 nodes have    28 children
    1 nodes have    30 children
    1 nodes have    31 children
    1 nodes have    42 children
    1 nodes have    56 children
    1 nodes have    63 children
    1 nodes have    72 children
    1 nodes have    84 children
    1 nodes have   314 children
    1 nodes have   343 children

Controls ID distribution
 5829 nodes have control IDs with     0 characters
   52 nodes have control IDs with     2 characters
  302 nodes have control IDs with     3 characters
 1034 nodes have control IDs with     4 characters
  202 nodes have control IDs with     5 characters
  172 nodes have control IDs with     6 characters
  255 nodes have control IDs with     7 characters
  692 nodes have control IDs with     8 characters
 1235 nodes have control IDs with     9 characters
 1249 nodes have control IDs with    10 characters
 1266 nodes have control IDs with    11 characters
  650 nodes have control IDs with    12 characters
  548 nodes have control IDs with    13 characters
  575 nodes have control IDs with    14 characters
  449 nodes have control IDs with    15 characters
  408 nodes have control IDs with    16 characters
  255 nodes have control IDs with    17 characters
  242 nodes have control IDs with    18 characters
  257 nodes have control IDs with    19 characters
  171 nodes have control IDs with    20 characters
  182 nodes have control IDs with    21 characters
  111 nodes have control IDs with    22 characters
   79 nodes have control IDs with    23 characters
   57 nodes have control IDs with    24 characters
   58 nodes have control IDs with    25 characters
   42 nodes have control IDs with    26 characters
   61 nodes have control IDs with    27 characters
   25 nodes have control IDs with    28 characters
   16 nodes have control IDs with    29 characters
    6 nodes have control IDs with    30 characters
   10 nodes have control IDs with    31 characters
    5 nodes have control IDs with    32 characters
    2 nodes have control IDs with    33 characters
    1 nodes have control IDs with    34 characters
    7 nodes have control IDs with    35 characters
    1 nodes have control IDs with    37 characters
    1 nodes have control IDs with    38 characters

Contexts containing controls:
 2734 controls in context "TechTree"
 2463 controls in context "CivicsTree"
 1063 controls in context "Options"
  765 controls in context "MapPinPopup"
  738 controls in context "[NO CONTEXT]"
  676 controls in context "GreatPeoplePopup"
  448 controls in context "GovernorPanel"
  380 controls in context "UnitFlagManager"
  301 controls in context "DiplomacyDealView"
  287 controls in context "WorldRankings"
  275 controls in context "CityPanelOverview"
  274 controls in context "DebugContext"
  273 controls in context "ClimateScreen"
  269 controls in context "GovernmentScreen"
  256 controls in context "SaveGameMenu"
  255 controls in context "UnitPanel"
  241 controls in context "ReligionScreen"
  206 controls in context ""
  199 controls in context "ResearchChooser"
  173 controls in context "ProductionPanel"
  165 controls in context "EndGameMenu"
  158 controls in context "ActionPanel"
  145 controls in context "ReportScreen"
  130 controls in context "Civilopedia"
  129 controls in context "CityStates"
  128 controls in context "WorldCongressPopup"
  122 controls in context "TopOptionsMenu"
  119 controls in context "CityPanel"
  116 controls in context "LoadGameMenu"
  112 controls in context "WorldTracker"
  109 controls in context "InGame"
  105 controls in context "qd_popuptab_sale"
  101 controls in context "DiplomacyActionView"
   90 controls in context "EspionagePopup"
   89 controls in context "TopPanel"
   75 controls in context "qd_dealpopup"
   72 controls in context "LaunchBar"
   71 controls in context "WorldCrisisPopup"
   68 controls in context "EspionageOverview"
   67 controls in context "MinimapPanel"
   66 controls in context "TradeRouteChooser"
   65 controls in context "DeclareWarPopup"
   64 controls in context "EraProgressPanel"
   61 controls in context "EventPopup"
   58 controls in context "EspionageEscape"
   57 controls in context "qd_popuptab_exchange"
   56 controls in context "WorldViewIconsManager"
   55 controls in context "EraReviewPopup"
   53 controls in context "HistoricMoments"
   52 controls in context "DetailsPanel"
   51 controls in context "ReportsList"
   50 controls in context "GovernorAssignmentChooser"
   47 controls in context "RockBandMoviePopup"
   46 controls in context "RazeCity"
   45 controls in context "DiplomacyRibbon"
   44 controls in context "CivicsChooser"
   41 controls in context "TechCivicCompletedPopup"
   40 controls in context "GreatWorksOverview"
   38 controls in context "ExpansionIntro"
   36 controls in context "Automation_NarrationPopup"
   35 controls in context "GreatWorkShowcase"
   34 controls in context "AdvisorPopup"
   33 controls in context "NotificationPanel"
   32 controls in context "ProjectBuiltPopup"
   31 controls in context "GlobalResourcePopup"
   30 controls in context "qd_popuptab_purchase"
   29 controls in context "DedicationPopup"
   28 controls in context "SwitchLayoutPopup"
   26 controls in context "BoostUnlockedPopup"
   24 controls in context "PartialScreenHooks"
   23 controls in context "ChooseArtifact"
   19 controls in context "EraCompletePopup"
   17 controls in context "ModalLensPanel"
   16 controls in context "ToolTips"
   15 controls in context "DebugPanel"
   13 controls in context "ProductionManager"
   11 controls in context "FullscreenMapPopup"
   10 controls in context "TradeOriginChooser"
    9 controls in context "ConfirmKick"
    8 controls in context "InGamePopup"
    6 controls in context "NewTurnPanel"
    5 controls in context "EdgeScroll"
    4 controls in context "MultiplayerTurnManager"
    3 controls in context "StatusMessagePanel"
    2 controls in context "CityBannerManager"
    1 controls in context "DistrictPlotIconManager"

NumBlocks:   3 
Allocated: 12.00 mb, Used: 12.00 mb, Free: 0.00 mb 

NumControls: 16879 

ControlBase Size: 208 

Active, 		Total, 		Object Size,		 Total Size		 Name
    5, 		   301, 		   224, 		     67424, 		 ColorBoxControl
    0, 		    15, 		   304, 		      4560, 		 WorldAnchorControl
    0, 		    12, 		   160, 		      1920, 		 UIString128
    0, 		     2, 		   464, 		       928, 		 DragControl
    0, 		    60, 		   272, 		     16320, 		 TutorialControl
   27, 		  1419, 		   224, 		    317856, 		 ControlBase
    2, 		     3, 		   816, 		      2448, 		 GraphControl
    0, 		    10, 		  3440, 		     34400, 		 RadioButtonControl
    0, 		     2, 		  1616, 		      3232, 		 MovieControl
    1, 		    55, 		   384, 		     21120, 		 LineControl
    0, 		     9, 		    96, 		       864, 		 UIString64
  121, 		  6735, 		    96, 		    646560, 		 ControlChildList
    0, 		    60, 		   608, 		     36480, 		 TextureBarControl
    0, 		    10, 		   656, 		      6560, 		 ColorBoxButtonControl
    1, 		   431, 		   400, 		    172400, 		 AlphaAnim
    0, 		   323, 		   848, 		    273904, 		 MeterControl
    8, 		  1202, 		   976, 		   1173152, 		 GridButtonControl
    0, 		    21, 		   320, 		      6720, 		 ZoomAnchorControl
   19, 		    60, 		  3440, 		    206400, 		 CheckBoxControl
    0, 		   292, 		   528, 		    154176, 		 FlipAnim
    0, 		     6, 		   240, 		      1440, 		 SlotControl
    0, 		    86, 		  2608, 		    224288, 		 PullDownControl
    1, 		     1, 		   304, 		       304, 		 ListBoxControl
   29, 		  1490, 		   560, 		    834400, 		 GridControl
   31, 		  1469, 		   368, 		    540592, 		 StackControl
  123, 		  3161, 		   432, 		   1365552, 		 TextControl
    0, 		   560, 		  1536, 		    860160, 		 ScrollTextControl
    0, 		     6, 		  2208, 		     13248, 		 TextButtonControl
    1, 		   129, 		  3744, 		    482976, 		 LuaContext
   11, 		   243, 		  1632, 		    396576, 		 SliderControl
   13, 		   183, 		   512, 		     93696, 		 ScrollPanelControl
    2, 		    22, 		  1824, 		     40128, 		 EditBoxControl
    6, 		    24, 		   544, 		     13056, 		 UIString512
    0, 		     1, 		   304, 		       304, 		 VerticalContainerControl
    1, 		   167, 		   400, 		     66800, 		 SlideAnim
    0, 		    11, 		   768, 		      8448, 		 BarControl
    2, 		     3, 		  2960, 		      8880, 		 ContextBase
    0, 		     1, 		   288, 		       288, 		 PlatformControl
    0, 		     1, 		   224, 		       224, 		 GroupControl
   22, 		   816, 		   560, 		    456960, 		 ButtonControl
    0, 		    21, 		   288, 		      6048, 		 UIString256
    4, 		  4191, 		   416, 		   1743456, 		 ImageControl
    0, 		   646, 		    64, 		     41344, 		 UIMaskInfo

Num Child Nodes: 356

Child Node distribution
  236 nodes have     0 children
   75 nodes have     1 children
   18 nodes have     2 children
   14 nodes have     3 children
    1 nodes have     4 children
    5 nodes have     5 children
    1 nodes have     7 children
    3 nodes have    11 children
    1 nodes have    16 children
    1 nodes have    20 children
    1 nodes have    26 children

Controls ID distribution
  163 nodes have control IDs with     0 characters
    3 nodes have control IDs with     2 characters
   16 nodes have control IDs with     4 characters
    1 nodes have control IDs with     5 characters
    7 nodes have control IDs with     6 characters
    5 nodes have control IDs with     7 characters
   13 nodes have control IDs with     8 characters
   11 nodes have control IDs with     9 characters
   24 nodes have control IDs with    10 characters
   24 nodes have control IDs with    11 characters
   15 nodes have control IDs with    12 characters
    6 nodes have control IDs with    13 characters
    9 nodes have control IDs with    14 characters
    9 nodes have control IDs with    15 characters
    5 nodes have control IDs with    16 characters
   14 nodes have control IDs with    17 characters
    4 nodes have control IDs with    18 characters
    2 nodes have control IDs with    19 characters
    3 nodes have control IDs with    20 characters
    5 nodes have control IDs with    22 characters
    8 nodes have control IDs with    23 characters
    2 nodes have control IDs with    24 characters
    2 nodes have control IDs with    25 characters
    2 nodes have control IDs with    26 characters
    2 nodes have control IDs with    27 characters
    1 nodes have control IDs with    29 characters

Contexts containing controls:
  274 controls in context "DebugContext"
   49 controls in context "[NO CONTEXT]"
   16 controls in context "ToolTips"
   15 controls in context "DebugPanel"
    2 controls in context "DebugViewer"
[1707383163714] (SHUTDOWN) ===============================

NumBlocks:   3 
Allocated: 12.00 mb, Used: 12.00 mb, Free: 0.00 mb 

NumControls: 16879 

ControlBase Size: 208 

Active, 		Total, 		Object Size,		 Total Size		 Name
    4, 		   301, 		   224, 		     67424, 		 ColorBoxControl
    0, 		    15, 		   304, 		      4560, 		 WorldAnchorControl
    0, 		    12, 		   160, 		      1920, 		 UIString128
    0, 		     2, 		   464, 		       928, 		 DragControl
    0, 		    60, 		   272, 		     16320, 		 TutorialControl
    2, 		  1419, 		   224, 		    317856, 		 ControlBase
    0, 		     3, 		   816, 		      2448, 		 GraphControl
    0, 		    10, 		  3440, 		     34400, 		 RadioButtonControl
    0, 		     2, 		  1616, 		      3232, 		 MovieControl
    1, 		    55, 		   384, 		     21120, 		 LineControl
    0, 		     9, 		    96, 		       864, 		 UIString64
   18, 		  6735, 		    96, 		    646560, 		 ControlChildList
    0, 		    60, 		   608, 		     36480, 		 TextureBarControl
    0, 		    10, 		   656, 		      6560, 		 ColorBoxButtonControl
    1, 		   431, 		   400, 		    172400, 		 AlphaAnim
    0, 		   323, 		   848, 		    273904, 		 MeterControl
    0, 		  1202, 		   976, 		   1173152, 		 GridButtonControl
    0, 		    21, 		   320, 		      6720, 		 ZoomAnchorControl
    2, 		    60, 		  3440, 		    206400, 		 CheckBoxControl
    0, 		   292, 		   528, 		    154176, 		 FlipAnim
    0, 		     6, 		   240, 		      1440, 		 SlotControl
    0, 		    86, 		  2608, 		    224288, 		 PullDownControl
    0, 		     1, 		   304, 		       304, 		 ListBoxControl
    8, 		  1490, 		   560, 		    834400, 		 GridControl
    5, 		  1469, 		   368, 		    540592, 		 StackControl
    4, 		  3161, 		   432, 		   1365552, 		 TextControl
    0, 		   560, 		  1536, 		    860160, 		 ScrollTextControl
    0, 		     6, 		  2208, 		     13248, 		 TextButtonControl
    0, 		   129, 		  3744, 		    482976, 		 LuaContext
    1, 		   243, 		  1632, 		    396576, 		 SliderControl
    1, 		   183, 		   512, 		     93696, 		 ScrollPanelControl
    1, 		    22, 		  1824, 		     40128, 		 EditBoxControl
    3, 		    24, 		   544, 		     13056, 		 UIString512
    0, 		     1, 		   304, 		       304, 		 VerticalContainerControl
    1, 		   167, 		   400, 		     66800, 		 SlideAnim
    0, 		    11, 		   768, 		      8448, 		 BarControl
    1, 		     3, 		  2960, 		      8880, 		 ContextBase
    0, 		     1, 		   288, 		       288, 		 PlatformControl
    0, 		     1, 		   224, 		       224, 		 GroupControl
    2, 		   816, 		   560, 		    456960, 		 ButtonControl
    0, 		    21, 		   288, 		      6048, 		 UIString256
    3, 		  4191, 		   416, 		   1743456, 		 ImageControl
    0, 		   646, 		    64, 		     41344, 		 UIMaskInfo

Num Child Nodes: 43

Child Node distribution
   26 nodes have     0 children
    9 nodes have     1 children
    3 nodes have     2 children
    4 nodes have     3 children
    1 nodes have     5 children

Controls ID distribution
   13 nodes have control IDs with     0 characters
    3 nodes have control IDs with     2 characters
    1 nodes have control IDs with     7 characters
    5 nodes have control IDs with     8 characters
    3 nodes have control IDs with     9 characters
    5 nodes have control IDs with    10 characters
    6 nodes have control IDs with    11 characters
    3 nodes have control IDs with    12 characters
    2 nodes have control IDs with    13 characters
    1 nodes have control IDs with    17 characters
    1 nodes have control IDs with    19 characters

Contexts containing controls:
   16 controls in context "ToolTips"
   15 controls in context "DebugPanel"
   10 controls in context "[NO CONTEXT]"
    2 controls in context "DebugViewer"
ForgeUI shutting down.
